{"/Users/franklioxygen/Projects/mytube/backend/src/config/paths.ts": {"path":"/Users/franklioxygen/Projects/mytube/backend/src/config/paths.ts","all":false,"statementMap":{"0":{"start":{"line":1,"column":0},"end":{"line":1,"column":24}},"3":{"start":{"line":4,"column":0},"end":{"line":4,"column":46}},"5":{"start":{"line":6,"column":0},"end":{"line":6,"column":66}},"6":{"start":{"line":7,"column":0},"end":{"line":7,"column":67}},"7":{"start":{"line":8,"column":0},"end":{"line":8,"column":67}},"8":{"start":{"line":9,"column":0},"end":{"line":9,"column":60}},"10":{"start":{"line":11,"column":0},"end":{"line":11,"column":75}},"11":{"start":{"line":12,"column":0},"end":{"line":12,"column":75}},"12":{"start":{"line":13,"column":0},"end":{"line":13,"column":85}}},"s":{"0":1,"3":1,"5":1,"6":1,"7":1,"8":1,"10":1,"11":1,"12":1},"branchMap":{},"b":{},"fnMap":{},"f":{}}
,"/Users/franklioxygen/Projects/mytube/backend/src/controllers/collectionController.ts": {"path":"/Users/franklioxygen/Projects/mytube/backend/src/controllers/collectionController.ts","all":false,"statementMap":{"1":{"start":{"line":2,"column":0},"end":{"line":2,"column":61}},"5":{"start":{"line":6,"column":0},"end":{"line":6,"column":70}},"6":{"start":{"line":7,"column":0},"end":{"line":7,"column":7}},"7":{"start":{"line":8,"column":0},"end":{"line":8,"column":56}},"8":{"start":{"line":9,"column":0},"end":{"line":9,"column":26}},"9":{"start":{"line":10,"column":0},"end":{"line":10,"column":19}},"10":{"start":{"line":11,"column":0},"end":{"line":11,"column":55}},"11":{"start":{"line":12,"column":0},"end":{"line":12,"column":7}},"12":{"start":{"line":13,"column":0},"end":{"line":13,"column":18}},"13":{"start":{"line":14,"column":0},"end":{"line":14,"column":68}},"14":{"start":{"line":15,"column":0},"end":{"line":15,"column":3}},"15":{"start":{"line":16,"column":0},"end":{"line":16,"column":2}},"18":{"start":{"line":19,"column":0},"end":{"line":19,"column":71}},"19":{"start":{"line":20,"column":0},"end":{"line":20,"column":7}},"20":{"start":{"line":21,"column":0},"end":{"line":21,"column":39}},"22":{"start":{"line":23,"column":0},"end":{"line":23,"column":16}},"23":{"start":{"line":24,"column":0},"end":{"line":24,"column":16}},"24":{"start":{"line":25,"column":0},"end":{"line":25,"column":20}},"25":{"start":{"line":26,"column":0},"end":{"line":26,"column":72}},"26":{"start":{"line":27,"column":0},"end":{"line":27,"column":5}},"29":{"start":{"line":30,"column":0},"end":{"line":30,"column":39}},"30":{"start":{"line":31,"column":0},"end":{"line":31,"column":32}},"31":{"start":{"line":32,"column":0},"end":{"line":32,"column":11}},"32":{"start":{"line":33,"column":0},"end":{"line":33,"column":49}},"33":{"start":{"line":34,"column":0},"end":{"line":34,"column":42}},"34":{"start":{"line":35,"column":0},"end":{"line":35,"column":80}},"35":{"start":{"line":36,"column":0},"end":{"line":36,"column":6}},"38":{"start":{"line":39,"column":0},"end":{"line":39,"column":49}},"41":{"start":{"line":42,"column":0},"end":{"line":42,"column":18}},"42":{"start":{"line":43,"column":0},"end":{"line":43,"column":95}},"43":{"start":{"line":44,"column":0},"end":{"line":44,"column":30}},"44":{"start":{"line":45,"column":0},"end":{"line":45,"column":55}},"45":{"start":{"line":46,"column":0},"end":{"line":46,"column":7}},"46":{"start":{"line":47,"column":0},"end":{"line":47,"column":5}},"48":{"start":{"line":49,"column":0},"end":{"line":49,"column":40}},"49":{"start":{"line":50,"column":0},"end":{"line":50,"column":19}},"50":{"start":{"line":51,"column":0},"end":{"line":51,"column":55}},"51":{"start":{"line":52,"column":0},"end":{"line":52,"column":7}},"52":{"start":{"line":53,"column":0},"end":{"line":53,"column":18}},"53":{"start":{"line":54,"column":0},"end":{"line":54,"column":70}},"54":{"start":{"line":55,"column":0},"end":{"line":55,"column":3}},"55":{"start":{"line":56,"column":0},"end":{"line":56,"column":2}},"58":{"start":{"line":59,"column":0},"end":{"line":59,"column":71}},"59":{"start":{"line":60,"column":0},"end":{"line":60,"column":7}},"60":{"start":{"line":61,"column":0},"end":{"line":61,"column":30}},"61":{"start":{"line":62,"column":0},"end":{"line":62,"column":47}},"63":{"start":{"line":64,"column":0},"end":{"line":64,"column":57}},"66":{"start":{"line":67,"column":0},"end":{"line":67,"column":15}},"67":{"start":{"line":68,"column":0},"end":{"line":68,"column":85}},"68":{"start":{"line":69,"column":0},"end":{"line":69,"column":31}},"69":{"start":{"line":70,"column":0},"end":{"line":70,"column":32}},"70":{"start":{"line":71,"column":0},"end":{"line":71,"column":26}},"71":{"start":{"line":72,"column":0},"end":{"line":72,"column":9}},"72":{"start":{"line":73,"column":0},"end":{"line":73,"column":5}},"75":{"start":{"line":76,"column":0},"end":{"line":76,"column":18}},"76":{"start":{"line":77,"column":0},"end":{"line":77,"column":29}},"77":{"start":{"line":78,"column":0},"end":{"line":78,"column":77}},"78":{"start":{"line":79,"column":0},"end":{"line":79,"column":39}},"79":{"start":{"line":80,"column":0},"end":{"line":80,"column":82}},"80":{"start":{"line":81,"column":0},"end":{"line":81,"column":7}},"81":{"start":{"line":82,"column":0},"end":{"line":82,"column":5}},"84":{"start":{"line":85,"column":0},"end":{"line":85,"column":28}},"85":{"start":{"line":86,"column":0},"end":{"line":86,"column":63}},"86":{"start":{"line":87,"column":0},"end":{"line":87,"column":5}},"88":{"start":{"line":89,"column":0},"end":{"line":89,"column":29}},"89":{"start":{"line":90,"column":0},"end":{"line":90,"column":16}},"90":{"start":{"line":91,"column":0},"end":{"line":91,"column":20}},"91":{"start":{"line":92,"column":0},"end":{"line":92,"column":82}},"92":{"start":{"line":93,"column":0},"end":{"line":93,"column":5}},"94":{"start":{"line":95,"column":0},"end":{"line":95,"column":32}},"95":{"start":{"line":96,"column":0},"end":{"line":96,"column":19}},"96":{"start":{"line":97,"column":0},"end":{"line":97,"column":55}},"97":{"start":{"line":98,"column":0},"end":{"line":98,"column":7}},"98":{"start":{"line":99,"column":0},"end":{"line":99,"column":18}},"99":{"start":{"line":100,"column":0},"end":{"line":100,"column":70}},"100":{"start":{"line":101,"column":0},"end":{"line":101,"column":3}},"101":{"start":{"line":102,"column":0},"end":{"line":102,"column":2}},"104":{"start":{"line":105,"column":0},"end":{"line":105,"column":71}},"105":{"start":{"line":106,"column":0},"end":{"line":106,"column":7}},"106":{"start":{"line":107,"column":0},"end":{"line":107,"column":30}},"107":{"start":{"line":108,"column":0},"end":{"line":108,"column":39}},"109":{"start":{"line":110,"column":0},"end":{"line":110,"column":24}},"112":{"start":{"line":113,"column":0},"end":{"line":113,"column":34}},"113":{"start":{"line":114,"column":0},"end":{"line":114,"column":61}},"114":{"start":{"line":115,"column":0},"end":{"line":115,"column":12}},"116":{"start":{"line":117,"column":0},"end":{"line":117,"column":61}},"117":{"start":{"line":118,"column":0},"end":{"line":118,"column":5}},"119":{"start":{"line":120,"column":0},"end":{"line":120,"column":19}},"120":{"start":{"line":121,"column":0},"end":{"line":121,"column":16}},"121":{"start":{"line":122,"column":0},"end":{"line":122,"column":20}},"122":{"start":{"line":123,"column":0},"end":{"line":123,"column":65}},"123":{"start":{"line":124,"column":0},"end":{"line":124,"column":5}},"125":{"start":{"line":126,"column":0},"end":{"line":126,"column":76}},"126":{"start":{"line":127,"column":0},"end":{"line":127,"column":19}},"127":{"start":{"line":128,"column":0},"end":{"line":128,"column":55}},"128":{"start":{"line":129,"column":0},"end":{"line":129,"column":7}},"129":{"start":{"line":130,"column":0},"end":{"line":130,"column":18}},"130":{"start":{"line":131,"column":0},"end":{"line":131,"column":70}},"131":{"start":{"line":132,"column":0},"end":{"line":132,"column":3}},"132":{"start":{"line":133,"column":0},"end":{"line":133,"column":2}}},"s":{"1":1,"5":1,"6":2,"7":2,"8":2,"9":2,"10":1,"11":1,"12":1,"13":1,"14":1,"15":2,"18":1,"19":3,"20":3,"22":3,"23":1,"24":1,"25":1,"26":1,"29":2,"30":2,"31":2,"32":2,"33":2,"34":2,"35":2,"38":2,"41":3,"42":1,"43":1,"44":1,"45":1,"46":1,"48":1,"49":3,"50":0,"51":0,"52":0,"53":0,"54":0,"55":3,"58":1,"59":4,"60":4,"61":4,"63":4,"66":4,"67":2,"68":0,"69":0,"70":0,"71":2,"72":2,"75":4,"76":2,"77":1,"78":1,"79":1,"80":1,"81":2,"84":4,"85":0,"86":0,"88":4,"89":1,"90":1,"91":1,"92":1,"94":3,"95":4,"96":0,"97":0,"98":0,"99":0,"100":0,"101":4,"104":1,"105":3,"106":3,"107":3,"109":3,"112":3,"113":1,"114":3,"116":2,"117":2,"119":3,"120":1,"121":1,"122":1,"123":1,"125":2,"126":3,"127":0,"128":0,"129":0,"130":0,"131":0,"132":3},"branchMap":{"0":{"type":"branch","line":6,"loc":{"start":{"line":6,"column":30},"end":{"line":16,"column":2}},"locations":[{"start":{"line":6,"column":30},"end":{"line":16,"column":2}}]},"1":{"type":"branch","line":10,"loc":{"start":{"line":10,"column":2},"end":{"line":15,"column":3}},"locations":[{"start":{"line":10,"column":2},"end":{"line":15,"column":3}}]},"2":{"type":"branch","line":19,"loc":{"start":{"line":19,"column":32},"end":{"line":56,"column":2}},"locations":[{"start":{"line":19,"column":32},"end":{"line":56,"column":2}}]},"3":{"type":"branch","line":23,"loc":{"start":{"line":23,"column":15},"end":{"line":27,"column":5}},"locations":[{"start":{"line":23,"column":15},"end":{"line":27,"column":5}}]},"4":{"type":"branch","line":27,"loc":{"start":{"line":27,"column":4},"end":{"line":42,"column":17}},"locations":[{"start":{"line":27,"column":4},"end":{"line":42,"column":17}}]},"5":{"type":"branch","line":42,"loc":{"start":{"line":42,"column":17},"end":{"line":50,"column":11}},"locations":[{"start":{"line":42,"column":17},"end":{"line":50,"column":11}}]},"6":{"type":"branch","line":50,"loc":{"start":{"line":50,"column":2},"end":{"line":55,"column":3}},"locations":[{"start":{"line":50,"column":2},"end":{"line":55,"column":3}}]},"7":{"type":"branch","line":59,"loc":{"start":{"line":59,"column":32},"end":{"line":102,"column":2}},"locations":[{"start":{"line":59,"column":32},"end":{"line":102,"column":2}}]},"8":{"type":"branch","line":67,"loc":{"start":{"line":67,"column":14},"end":{"line":73,"column":5}},"locations":[{"start":{"line":67,"column":14},"end":{"line":73,"column":5}}]},"9":{"type":"branch","line":76,"loc":{"start":{"line":76,"column":17},"end":{"line":82,"column":5}},"locations":[{"start":{"line":76,"column":17},"end":{"line":82,"column":5}}]},"10":{"type":"branch","line":77,"loc":{"start":{"line":77,"column":28},"end":{"line":81,"column":7}},"locations":[{"start":{"line":77,"column":28},"end":{"line":81,"column":7}}]},"11":{"type":"branch","line":85,"loc":{"start":{"line":85,"column":9},"end":{"line":85,"column":27}},"locations":[{"start":{"line":85,"column":9},"end":{"line":85,"column":27}}]},"12":{"type":"branch","line":85,"loc":{"start":{"line":85,"column":27},"end":{"line":87,"column":5}},"locations":[{"start":{"line":85,"column":27},"end":{"line":87,"column":5}}]},"13":{"type":"branch","line":89,"loc":{"start":{"line":89,"column":28},"end":{"line":93,"column":5}},"locations":[{"start":{"line":89,"column":28},"end":{"line":93,"column":5}}]},"14":{"type":"branch","line":93,"loc":{"start":{"line":93,"column":4},"end":{"line":96,"column":11}},"locations":[{"start":{"line":93,"column":4},"end":{"line":96,"column":11}}]},"15":{"type":"branch","line":96,"loc":{"start":{"line":96,"column":2},"end":{"line":101,"column":3}},"locations":[{"start":{"line":96,"column":2},"end":{"line":101,"column":3}}]},"16":{"type":"branch","line":105,"loc":{"start":{"line":105,"column":32},"end":{"line":133,"column":2}},"locations":[{"start":{"line":105,"column":32},"end":{"line":133,"column":2}}]},"17":{"type":"branch","line":113,"loc":{"start":{"line":113,"column":33},"end":{"line":115,"column":11}},"locations":[{"start":{"line":113,"column":33},"end":{"line":115,"column":11}}]},"18":{"type":"branch","line":115,"loc":{"start":{"line":115,"column":4},"end":{"line":118,"column":5}},"locations":[{"start":{"line":115,"column":4},"end":{"line":118,"column":5}}]},"19":{"type":"branch","line":120,"loc":{"start":{"line":120,"column":18},"end":{"line":124,"column":5}},"locations":[{"start":{"line":120,"column":18},"end":{"line":124,"column":5}}]},"20":{"type":"branch","line":124,"loc":{"start":{"line":124,"column":4},"end":{"line":127,"column":11}},"locations":[{"start":{"line":124,"column":4},"end":{"line":127,"column":11}}]},"21":{"type":"branch","line":127,"loc":{"start":{"line":127,"column":2},"end":{"line":132,"column":3}},"locations":[{"start":{"line":127,"column":2},"end":{"line":132,"column":3}}]}},"b":{"0":[2],"1":[1],"2":[3],"3":[1],"4":[2],"5":[1],"6":[0],"7":[4],"8":[2],"9":[2],"10":[1],"11":[2],"12":[0],"13":[1],"14":[3],"15":[0],"16":[3],"17":[1],"18":[2],"19":[1],"20":[2],"21":[0]},"fnMap":{"0":{"name":"getCollections","decl":{"start":{"line":6,"column":30},"end":{"line":16,"column":2}},"loc":{"start":{"line":6,"column":30},"end":{"line":16,"column":2}},"line":6},"1":{"name":"createCollection","decl":{"start":{"line":19,"column":32},"end":{"line":56,"column":2}},"loc":{"start":{"line":19,"column":32},"end":{"line":56,"column":2}},"line":19},"2":{"name":"updateCollection","decl":{"start":{"line":59,"column":32},"end":{"line":102,"column":2}},"loc":{"start":{"line":59,"column":32},"end":{"line":102,"column":2}},"line":59},"3":{"name":"deleteCollection","decl":{"start":{"line":105,"column":32},"end":{"line":133,"column":2}},"loc":{"start":{"line":105,"column":32},"end":{"line":133,"column":2}},"line":105}},"f":{"0":2,"1":3,"2":4,"3":3}}
,"/Users/franklioxygen/Projects/mytube/backend/src/controllers/scanController.ts": {"path":"/Users/franklioxygen/Projects/mytube/backend/src/controllers/scanController.ts","all":false,"statementMap":{"0":{"start":{"line":1,"column":0},"end":{"line":1,"column":37}},"2":{"start":{"line":3,"column":0},"end":{"line":3,"column":26}},"3":{"start":{"line":4,"column":0},"end":{"line":4,"column":24}},"4":{"start":{"line":5,"column":0},"end":{"line":5,"column":57}},"5":{"start":{"line":6,"column":0},"end":{"line":6,"column":61}},"8":{"start":{"line":9,"column":0},"end":{"line":9,"column":56}},"9":{"start":{"line":10,"column":0},"end":{"line":10,"column":29}},"10":{"start":{"line":11,"column":0},"end":{"line":11,"column":35}},"12":{"start":{"line":13,"column":0},"end":{"line":13,"column":26}},"13":{"start":{"line":14,"column":0},"end":{"line":14,"column":42}},"14":{"start":{"line":15,"column":0},"end":{"line":15,"column":39}},"16":{"start":{"line":17,"column":0},"end":{"line":17,"column":37}},"17":{"start":{"line":18,"column":0},"end":{"line":18,"column":62}},"18":{"start":{"line":19,"column":0},"end":{"line":19,"column":12}},"19":{"start":{"line":20,"column":0},"end":{"line":20,"column":29}},"20":{"start":{"line":21,"column":0},"end":{"line":21,"column":5}},"21":{"start":{"line":22,"column":0},"end":{"line":22,"column":5}},"23":{"start":{"line":24,"column":0},"end":{"line":24,"column":17}},"24":{"start":{"line":25,"column":0},"end":{"line":25,"column":2}},"26":{"start":{"line":27,"column":0},"end":{"line":27,"column":79}},"27":{"start":{"line":28,"column":0},"end":{"line":28,"column":7}},"28":{"start":{"line":29,"column":0},"end":{"line":29,"column":41}},"31":{"start":{"line":32,"column":0},"end":{"line":32,"column":54}},"32":{"start":{"line":33,"column":0},"end":{"line":33,"column":44}},"33":{"start":{"line":34,"column":0},"end":{"line":34,"column":48}},"35":{"start":{"line":36,"column":0},"end":{"line":36,"column":33}},"36":{"start":{"line":37,"column":0},"end":{"line":37,"column":54}},"37":{"start":{"line":38,"column":0},"end":{"line":38,"column":66}},"38":{"start":{"line":39,"column":0},"end":{"line":39,"column":7}},"41":{"start":{"line":42,"column":0},"end":{"line":42,"column":37}},"42":{"start":{"line":43,"column":0},"end":{"line":43,"column":36}},"43":{"start":{"line":44,"column":0},"end":{"line":44,"column":23}},"44":{"start":{"line":45,"column":0},"end":{"line":45,"column":52}},"45":{"start":{"line":46,"column":0},"end":{"line":46,"column":22}},"46":{"start":{"line":47,"column":0},"end":{"line":47,"column":9}},"47":{"start":{"line":48,"column":0},"end":{"line":48,"column":5}},"49":{"start":{"line":50,"column":0},"end":{"line":50,"column":53}},"50":{"start":{"line":51,"column":0},"end":{"line":51,"column":70}},"51":{"start":{"line":52,"column":0},"end":{"line":52,"column":23}},"54":{"start":{"line":55,"column":0},"end":{"line":55,"column":38}},"55":{"start":{"line":56,"column":0},"end":{"line":56,"column":55}},"56":{"start":{"line":57,"column":0},"end":{"line":57,"column":51}},"58":{"start":{"line":59,"column":0},"end":{"line":59,"column":47}},"59":{"start":{"line":60,"column":0},"end":{"line":60,"column":63}},"63":{"start":{"line":64,"column":0},"end":{"line":64,"column":74}},"67":{"start":{"line":68,"column":0},"end":{"line":68,"column":52}},"81":{"start":{"line":82,"column":0},"end":{"line":82,"column":59}},"83":{"start":{"line":84,"column":0},"end":{"line":84,"column":42}},"84":{"start":{"line":85,"column":0},"end":{"line":85,"column":42}},"85":{"start":{"line":86,"column":0},"end":{"line":86,"column":82}},"88":{"start":{"line":89,"column":0},"end":{"line":89,"column":67}},"103":{"start":{"line":104,"column":0},"end":{"line":104,"column":69}},"108":{"start":{"line":109,"column":0},"end":{"line":109,"column":44}},"109":{"start":{"line":110,"column":0},"end":{"line":110,"column":95}},"110":{"start":{"line":111,"column":0},"end":{"line":111,"column":24}},"111":{"start":{"line":112,"column":0},"end":{"line":112,"column":68}},"112":{"start":{"line":113,"column":0},"end":{"line":113,"column":26}},"113":{"start":{"line":114,"column":0},"end":{"line":114,"column":20}},"114":{"start":{"line":115,"column":0},"end":{"line":115,"column":26}},"115":{"start":{"line":116,"column":0},"end":{"line":116,"column":13}},"116":{"start":{"line":117,"column":0},"end":{"line":117,"column":11}},"117":{"start":{"line":118,"column":0},"end":{"line":118,"column":9}},"119":{"start":{"line":120,"column":0},"end":{"line":120,"column":24}},"120":{"start":{"line":121,"column":0},"end":{"line":121,"column":20}},"121":{"start":{"line":122,"column":0},"end":{"line":122,"column":41}},"122":{"start":{"line":123,"column":0},"end":{"line":123,"column":24}},"123":{"start":{"line":124,"column":0},"end":{"line":124,"column":24}},"124":{"start":{"line":125,"column":0},"end":{"line":125,"column":22}},"125":{"start":{"line":126,"column":0},"end":{"line":126,"column":32}},"126":{"start":{"line":127,"column":0},"end":{"line":127,"column":27}},"127":{"start":{"line":128,"column":0},"end":{"line":128,"column":88}},"128":{"start":{"line":129,"column":0},"end":{"line":129,"column":97}},"129":{"start":{"line":130,"column":0},"end":{"line":130,"column":96}},"130":{"start":{"line":131,"column":0},"end":{"line":131,"column":45}},"131":{"start":{"line":132,"column":0},"end":{"line":132,"column":42}},"132":{"start":{"line":133,"column":0},"end":{"line":133,"column":72}},"133":{"start":{"line":134,"column":0},"end":{"line":134,"column":8}},"135":{"start":{"line":136,"column":0},"end":{"line":136,"column":41}},"136":{"start":{"line":137,"column":0},"end":{"line":137,"column":19}},"137":{"start":{"line":138,"column":0},"end":{"line":138,"column":5}},"139":{"start":{"line":140,"column":0},"end":{"line":140,"column":66}},"141":{"start":{"line":142,"column":0},"end":{"line":142,"column":26}},"142":{"start":{"line":143,"column":0},"end":{"line":143,"column":20}},"143":{"start":{"line":144,"column":0},"end":{"line":144,"column":64}},"144":{"start":{"line":145,"column":0},"end":{"line":145,"column":16}},"145":{"start":{"line":146,"column":0},"end":{"line":146,"column":7}},"147":{"start":{"line":148,"column":0},"end":{"line":148,"column":24}},"148":{"start":{"line":149,"column":0},"end":{"line":149,"column":50}},"149":{"start":{"line":150,"column":0},"end":{"line":150,"column":26}},"150":{"start":{"line":151,"column":0},"end":{"line":151,"column":36}},"151":{"start":{"line":152,"column":0},"end":{"line":152,"column":28}},"152":{"start":{"line":153,"column":0},"end":{"line":153,"column":7}},"153":{"start":{"line":154,"column":0},"end":{"line":154,"column":3}},"154":{"start":{"line":155,"column":0},"end":{"line":155,"column":2}}},"s":{"0":1,"2":1,"3":1,"4":1,"5":1,"8":1,"9":1,"10":1,"12":1,"13":1,"14":1,"16":1,"17":0,"18":1,"19":1,"20":1,"21":1,"23":1,"24":1,"26":1,"27":2,"28":2,"31":2,"32":2,"33":2,"35":2,"36":0,"37":0,"38":2,"41":2,"42":0,"43":0,"44":0,"45":0,"46":0,"47":0,"49":1,"50":1,"51":1,"54":1,"55":1,"56":1,"58":1,"59":1,"63":1,"67":1,"81":1,"83":1,"84":1,"85":1,"88":1,"103":1,"108":1,"109":1,"110":1,"111":0,"112":0,"113":1,"114":1,"115":1,"116":1,"117":1,"119":1,"120":1,"121":1,"122":1,"123":1,"124":1,"125":1,"126":1,"127":1,"128":1,"129":1,"130":1,"131":1,"132":1,"133":1,"135":1,"136":1,"137":1,"139":1,"141":1,"142":1,"143":1,"144":1,"145":1,"147":1,"148":1,"149":1,"150":1,"151":1,"152":1,"153":1,"154":2},"branchMap":{"0":{"type":"branch","line":9,"loc":{"start":{"line":9,"column":28},"end":{"line":25,"column":2}},"locations":[{"start":{"line":9,"column":28},"end":{"line":25,"column":2}}]},"1":{"type":"branch","line":13,"loc":{"start":{"line":13,"column":15},"end":{"line":22,"column":3}},"locations":[{"start":{"line":13,"column":15},"end":{"line":22,"column":3}}]},"2":{"type":"branch","line":17,"loc":{"start":{"line":17,"column":36},"end":{"line":19,"column":11}},"locations":[{"start":{"line":17,"column":36},"end":{"line":19,"column":11}}]},"3":{"type":"branch","line":27,"loc":{"start":{"line":27,"column":25},"end":{"line":155,"column":2}},"locations":[{"start":{"line":27,"column":25},"end":{"line":155,"column":2}}]},"4":{"type":"branch","line":42,"loc":{"start":{"line":42,"column":36},"end":{"line":48,"column":5}},"locations":[{"start":{"line":42,"column":36},"end":{"line":48,"column":5}}]},"5":{"type":"branch","line":48,"loc":{"start":{"line":48,"column":4},"end":{"line":154,"column":3}},"locations":[{"start":{"line":48,"column":4},"end":{"line":154,"column":3}}]},"6":{"type":"branch","line":57,"loc":{"start":{"line":57,"column":42},"end":{"line":57,"column":51}},"locations":[{"start":{"line":57,"column":42},"end":{"line":57,"column":51}}]},"7":{"type":"branch","line":68,"loc":{"start":{"line":68,"column":43},"end":{"line":68,"column":52}},"locations":[{"start":{"line":68,"column":43},"end":{"line":68,"column":52}}]},"8":{"type":"branch","line":128,"loc":{"start":{"line":128,"column":58},"end":{"line":128,"column":88}},"locations":[{"start":{"line":128,"column":58},"end":{"line":128,"column":88}}]},"9":{"type":"branch","line":129,"loc":{"start":{"line":129,"column":82},"end":{"line":129,"column":97}},"locations":[{"start":{"line":129,"column":82},"end":{"line":129,"column":97}}]},"10":{"type":"branch","line":130,"loc":{"start":{"line":130,"column":81},"end":{"line":130,"column":96}},"locations":[{"start":{"line":130,"column":81},"end":{"line":130,"column":96}}]},"11":{"type":"branch","line":109,"loc":{"start":{"line":109,"column":30},"end":{"line":118,"column":7}},"locations":[{"start":{"line":109,"column":30},"end":{"line":118,"column":7}}]},"12":{"type":"branch","line":110,"loc":{"start":{"line":110,"column":83},"end":{"line":117,"column":9}},"locations":[{"start":{"line":110,"column":83},"end":{"line":117,"column":9}}]},"13":{"type":"branch","line":111,"loc":{"start":{"line":111,"column":23},"end":{"line":114,"column":19}},"locations":[{"start":{"line":111,"column":23},"end":{"line":114,"column":19}}]}},"b":{"0":[1],"1":[1],"2":[0],"3":[2],"4":[0],"5":[1],"6":[0],"7":[0],"8":[0],"9":[0],"10":[0],"11":[1],"12":[1],"13":[0]},"fnMap":{"0":{"name":"getFilesRecursively","decl":{"start":{"line":9,"column":28},"end":{"line":25,"column":2}},"loc":{"start":{"line":9,"column":28},"end":{"line":25,"column":2}},"line":9},"1":{"name":"scanFiles","decl":{"start":{"line":27,"column":25},"end":{"line":155,"column":2}},"loc":{"start":{"line":27,"column":25},"end":{"line":155,"column":2}},"line":27},"2":{"name":"newVideo.id","decl":{"start":{"line":109,"column":30},"end":{"line":118,"column":7}},"loc":{"start":{"line":109,"column":30},"end":{"line":118,"column":7}},"line":109}},"f":{"0":1,"1":2,"2":1}}
,"/Users/franklioxygen/Projects/mytube/backend/src/controllers/settingsController.ts": {"path":"/Users/franklioxygen/Projects/mytube/backend/src/controllers/settingsController.ts","all":false,"statementMap":{"0":{"start":{"line":1,"column":0},"end":{"line":1,"column":30}},"2":{"start":{"line":3,"column":0},"end":{"line":3,"column":26}},"3":{"start":{"line":4,"column":0},"end":{"line":4,"column":24}},"4":{"start":{"line":5,"column":0},"end":{"line":5,"column":92}},"5":{"start":{"line":6,"column":0},"end":{"line":6,"column":58}},"6":{"start":{"line":7,"column":0},"end":{"line":7,"column":61}},"18":{"start":{"line":19,"column":0},"end":{"line":19,"column":35}},"19":{"start":{"line":20,"column":0},"end":{"line":20,"column":24}},"20":{"start":{"line":21,"column":0},"end":{"line":21,"column":17}},"21":{"start":{"line":22,"column":0},"end":{"line":22,"column":27}},"22":{"start":{"line":23,"column":0},"end":{"line":23,"column":27}},"23":{"start":{"line":24,"column":0},"end":{"line":24,"column":30}},"24":{"start":{"line":25,"column":0},"end":{"line":25,"column":18}},"25":{"start":{"line":26,"column":0},"end":{"line":26,"column":2}},"27":{"start":{"line":28,"column":0},"end":{"line":28,"column":67}},"28":{"start":{"line":29,"column":0},"end":{"line":29,"column":9}},"29":{"start":{"line":30,"column":0},"end":{"line":30,"column":54}},"32":{"start":{"line":33,"column":0},"end":{"line":33,"column":49}},"33":{"start":{"line":34,"column":0},"end":{"line":34,"column":57}},"34":{"start":{"line":35,"column":0},"end":{"line":35,"column":45}},"35":{"start":{"line":36,"column":0},"end":{"line":36,"column":9}},"38":{"start":{"line":39,"column":0},"end":{"line":39,"column":67}},"41":{"start":{"line":42,"column":0},"end":{"line":42,"column":61}},"42":{"start":{"line":43,"column":0},"end":{"line":43,"column":65}},"43":{"start":{"line":44,"column":0},"end":{"line":44,"column":21}},"44":{"start":{"line":45,"column":0},"end":{"line":45,"column":56}},"45":{"start":{"line":46,"column":0},"end":{"line":46,"column":67}},"46":{"start":{"line":47,"column":0},"end":{"line":47,"column":5}},"47":{"start":{"line":48,"column":0},"end":{"line":48,"column":2}},"49":{"start":{"line":50,"column":0},"end":{"line":50,"column":67}},"50":{"start":{"line":51,"column":0},"end":{"line":51,"column":9}},"51":{"start":{"line":52,"column":0},"end":{"line":52,"column":78}},"52":{"start":{"line":53,"column":0},"end":{"line":53,"column":45}},"53":{"start":{"line":54,"column":0},"end":{"line":54,"column":45}},"54":{"start":{"line":55,"column":0},"end":{"line":55,"column":26}},"55":{"start":{"line":56,"column":0},"end":{"line":56,"column":57}},"56":{"start":{"line":57,"column":0},"end":{"line":57,"column":91}},"57":{"start":{"line":58,"column":0},"end":{"line":58,"column":5}},"58":{"start":{"line":59,"column":0},"end":{"line":59,"column":2}},"60":{"start":{"line":61,"column":0},"end":{"line":61,"column":72}},"61":{"start":{"line":62,"column":0},"end":{"line":62,"column":9}},"62":{"start":{"line":63,"column":0},"end":{"line":63,"column":94}},"63":{"start":{"line":64,"column":0},"end":{"line":64,"column":31}},"64":{"start":{"line":65,"column":0},"end":{"line":65,"column":29}},"65":{"start":{"line":66,"column":0},"end":{"line":66,"column":34}},"66":{"start":{"line":67,"column":0},"end":{"line":67,"column":29}},"67":{"start":{"line":68,"column":0},"end":{"line":68,"column":30}},"68":{"start":{"line":69,"column":0},"end":{"line":69,"column":10}},"70":{"start":{"line":71,"column":0},"end":{"line":71,"column":66}},"71":{"start":{"line":72,"column":0},"end":{"line":72,"column":24}},"72":{"start":{"line":73,"column":0},"end":{"line":73,"column":22}},"73":{"start":{"line":74,"column":0},"end":{"line":74,"column":10}},"75":{"start":{"line":76,"column":0},"end":{"line":76,"column":43}},"76":{"start":{"line":77,"column":0},"end":{"line":77,"column":38}},"77":{"start":{"line":78,"column":0},"end":{"line":78,"column":21}},"78":{"start":{"line":79,"column":0},"end":{"line":79,"column":40}},"79":{"start":{"line":80,"column":0},"end":{"line":80,"column":62}},"80":{"start":{"line":81,"column":0},"end":{"line":81,"column":31}},"81":{"start":{"line":82,"column":0},"end":{"line":82,"column":68}},"82":{"start":{"line":83,"column":0},"end":{"line":83,"column":61}},"83":{"start":{"line":84,"column":0},"end":{"line":84,"column":17}},"84":{"start":{"line":85,"column":0},"end":{"line":85,"column":13}},"85":{"start":{"line":86,"column":0},"end":{"line":86,"column":9}},"87":{"start":{"line":88,"column":0},"end":{"line":88,"column":45}},"88":{"start":{"line":89,"column":0},"end":{"line":89,"column":26}},"89":{"start":{"line":90,"column":0},"end":{"line":90,"column":60}},"90":{"start":{"line":91,"column":0},"end":{"line":91,"column":96}},"91":{"start":{"line":92,"column":0},"end":{"line":92,"column":5}},"92":{"start":{"line":93,"column":0},"end":{"line":93,"column":2}},"94":{"start":{"line":95,"column":0},"end":{"line":95,"column":70}},"95":{"start":{"line":96,"column":0},"end":{"line":96,"column":9}},"96":{"start":{"line":97,"column":0},"end":{"line":97,"column":47}},"99":{"start":{"line":100,"column":0},"end":{"line":100,"column":53}},"100":{"start":{"line":101,"column":0},"end":{"line":101,"column":51}},"101":{"start":{"line":102,"column":0},"end":{"line":102,"column":9}},"104":{"start":{"line":105,"column":0},"end":{"line":105,"column":35}},"106":{"start":{"line":107,"column":0},"end":{"line":107,"column":50}},"107":{"start":{"line":108,"column":0},"end":{"line":108,"column":81}},"108":{"start":{"line":109,"column":0},"end":{"line":109,"column":16}},"110":{"start":{"line":111,"column":0},"end":{"line":111,"column":66}},"111":{"start":{"line":112,"column":0},"end":{"line":112,"column":61}},"112":{"start":{"line":113,"column":0},"end":{"line":113,"column":9}},"115":{"start":{"line":116,"column":0},"end":{"line":116,"column":62}},"116":{"start":{"line":117,"column":0},"end":{"line":117,"column":62}},"117":{"start":{"line":118,"column":0},"end":{"line":118,"column":61}},"119":{"start":{"line":120,"column":0},"end":{"line":120,"column":78}},"121":{"start":{"line":122,"column":0},"end":{"line":122,"column":37}},"122":{"start":{"line":123,"column":0},"end":{"line":123,"column":54}},"123":{"start":{"line":124,"column":0},"end":{"line":124,"column":57}},"124":{"start":{"line":125,"column":0},"end":{"line":125,"column":39}},"126":{"start":{"line":127,"column":0},"end":{"line":127,"column":44}},"127":{"start":{"line":128,"column":0},"end":{"line":128,"column":86}},"128":{"start":{"line":129,"column":0},"end":{"line":129,"column":93}},"129":{"start":{"line":130,"column":0},"end":{"line":130,"column":80}},"130":{"start":{"line":131,"column":0},"end":{"line":131,"column":41}},"131":{"start":{"line":132,"column":0},"end":{"line":132,"column":17}},"132":{"start":{"line":133,"column":0},"end":{"line":133,"column":13}},"133":{"start":{"line":134,"column":0},"end":{"line":134,"column":82}},"134":{"start":{"line":135,"column":0},"end":{"line":135,"column":9}},"136":{"start":{"line":137,"column":0},"end":{"line":137,"column":49}},"139":{"start":{"line":140,"column":0},"end":{"line":140,"column":86}},"141":{"start":{"line":142,"column":0},"end":{"line":142,"column":87}},"142":{"start":{"line":143,"column":0},"end":{"line":143,"column":21}},"143":{"start":{"line":144,"column":0},"end":{"line":144,"column":57}},"144":{"start":{"line":145,"column":0},"end":{"line":145,"column":69}},"145":{"start":{"line":146,"column":0},"end":{"line":146,"column":5}},"146":{"start":{"line":147,"column":0},"end":{"line":147,"column":2}},"148":{"start":{"line":149,"column":0},"end":{"line":149,"column":70}},"149":{"start":{"line":150,"column":0},"end":{"line":150,"column":9}},"150":{"start":{"line":151,"column":0},"end":{"line":151,"column":38}},"152":{"start":{"line":153,"column":0},"end":{"line":153,"column":54}},"153":{"start":{"line":154,"column":0},"end":{"line":154,"column":67}},"155":{"start":{"line":156,"column":0},"end":{"line":156,"column":43}},"156":{"start":{"line":157,"column":0},"end":{"line":157,"column":47}},"157":{"start":{"line":158,"column":0},"end":{"line":158,"column":9}},"159":{"start":{"line":160,"column":0},"end":{"line":160,"column":39}},"161":{"start":{"line":162,"column":0},"end":{"line":162,"column":47}},"162":{"start":{"line":163,"column":0},"end":{"line":163,"column":9}},"164":{"start":{"line":165,"column":0},"end":{"line":165,"column":80}},"166":{"start":{"line":167,"column":0},"end":{"line":167,"column":22}},"167":{"start":{"line":168,"column":0},"end":{"line":168,"column":40}},"168":{"start":{"line":169,"column":0},"end":{"line":169,"column":16}},"169":{"start":{"line":170,"column":0},"end":{"line":170,"column":82}},"170":{"start":{"line":171,"column":0},"end":{"line":171,"column":9}},"171":{"start":{"line":172,"column":0},"end":{"line":172,"column":21}},"172":{"start":{"line":173,"column":0},"end":{"line":173,"column":58}},"173":{"start":{"line":174,"column":0},"end":{"line":174,"column":69}},"174":{"start":{"line":175,"column":0},"end":{"line":175,"column":5}},"175":{"start":{"line":176,"column":0},"end":{"line":176,"column":2}}},"s":{"0":1,"2":1,"3":1,"4":1,"5":1,"6":1,"18":1,"19":1,"20":1,"21":1,"22":1,"23":1,"24":1,"25":1,"27":1,"28":2,"29":2,"32":2,"33":1,"34":1,"35":1,"38":1,"41":1,"42":1,"43":2,"44":0,"45":0,"46":0,"47":2,"49":1,"50":2,"51":2,"52":2,"53":1,"54":1,"55":1,"56":1,"57":1,"58":2,"60":1,"61":2,"62":2,"63":2,"64":2,"65":2,"66":2,"67":2,"68":2,"70":2,"71":2,"72":2,"73":2,"75":2,"76":8,"77":8,"78":8,"79":8,"80":8,"81":4,"82":4,"83":4,"84":8,"85":8,"87":2,"88":2,"89":0,"90":0,"91":0,"92":2,"94":1,"95":2,"96":2,"99":2,"100":0,"101":0,"104":2,"106":1,"107":1,"108":1,"110":1,"111":1,"112":1,"115":2,"116":2,"117":2,"119":2,"121":2,"122":0,"123":0,"124":0,"126":0,"127":0,"128":0,"129":0,"130":0,"131":0,"132":0,"133":0,"134":0,"136":2,"139":2,"141":2,"142":2,"143":0,"144":0,"145":0,"146":2,"148":1,"149":2,"150":2,"152":2,"153":2,"155":2,"156":0,"157":0,"159":2,"161":0,"162":0,"164":2,"166":2,"167":1,"168":1,"169":1,"170":1,"171":2,"172":0,"173":0,"174":0,"175":2},"branchMap":{"0":{"type":"branch","line":28,"loc":{"start":{"line":28,"column":27},"end":{"line":48,"column":2}},"locations":[{"start":{"line":28,"column":27},"end":{"line":48,"column":2}}]},"1":{"type":"branch","line":33,"loc":{"start":{"line":33,"column":48},"end":{"line":44,"column":13}},"locations":[{"start":{"line":33,"column":48},"end":{"line":44,"column":13}}]},"2":{"type":"branch","line":44,"loc":{"start":{"line":44,"column":4},"end":{"line":47,"column":5}},"locations":[{"start":{"line":44,"column":4},"end":{"line":47,"column":5}}]},"3":{"type":"branch","line":50,"loc":{"start":{"line":50,"column":27},"end":{"line":59,"column":2}},"locations":[{"start":{"line":50,"column":27},"end":{"line":59,"column":2}}]},"4":{"type":"branch","line":53,"loc":{"start":{"line":53,"column":43},"end":{"line":58,"column":5}},"locations":[{"start":{"line":53,"column":43},"end":{"line":58,"column":5}}]},"5":{"type":"branch","line":61,"loc":{"start":{"line":61,"column":32},"end":{"line":93,"column":2}},"locations":[{"start":{"line":61,"column":32},"end":{"line":93,"column":2}}]},"6":{"type":"branch","line":76,"loc":{"start":{"line":76,"column":42},"end":{"line":86,"column":9}},"locations":[{"start":{"line":76,"column":42},"end":{"line":86,"column":9}}]},"7":{"type":"branch","line":81,"loc":{"start":{"line":81,"column":16},"end":{"line":84,"column":17}},"locations":[{"start":{"line":81,"column":16},"end":{"line":84,"column":17}}]},"8":{"type":"branch","line":89,"loc":{"start":{"line":89,"column":4},"end":{"line":92,"column":5}},"locations":[{"start":{"line":89,"column":4},"end":{"line":92,"column":5}}]},"9":{"type":"branch","line":95,"loc":{"start":{"line":95,"column":30},"end":{"line":147,"column":2}},"locations":[{"start":{"line":95,"column":30},"end":{"line":147,"column":2}}]},"10":{"type":"branch","line":100,"loc":{"start":{"line":100,"column":52},"end":{"line":102,"column":9}},"locations":[{"start":{"line":100,"column":52},"end":{"line":102,"column":9}}]},"11":{"type":"branch","line":105,"loc":{"start":{"line":105,"column":34},"end":{"line":113,"column":9}},"locations":[{"start":{"line":105,"column":34},"end":{"line":113,"column":9}}]},"12":{"type":"branch","line":122,"loc":{"start":{"line":122,"column":36},"end":{"line":135,"column":9}},"locations":[{"start":{"line":122,"column":36},"end":{"line":135,"column":9}}]},"13":{"type":"branch","line":143,"loc":{"start":{"line":143,"column":4},"end":{"line":146,"column":5}},"locations":[{"start":{"line":143,"column":4},"end":{"line":146,"column":5}}]},"14":{"type":"branch","line":149,"loc":{"start":{"line":149,"column":30},"end":{"line":176,"column":2}},"locations":[{"start":{"line":149,"column":30},"end":{"line":176,"column":2}}]},"15":{"type":"branch","line":156,"loc":{"start":{"line":156,"column":42},"end":{"line":158,"column":9}},"locations":[{"start":{"line":156,"column":42},"end":{"line":158,"column":9}}]},"16":{"type":"branch","line":160,"loc":{"start":{"line":160,"column":38},"end":{"line":163,"column":9}},"locations":[{"start":{"line":160,"column":38},"end":{"line":163,"column":9}}]},"17":{"type":"branch","line":167,"loc":{"start":{"line":167,"column":21},"end":{"line":171,"column":9}},"locations":[{"start":{"line":167,"column":21},"end":{"line":171,"column":9}}]},"18":{"type":"branch","line":172,"loc":{"start":{"line":172,"column":4},"end":{"line":175,"column":5}},"locations":[{"start":{"line":172,"column":4},"end":{"line":175,"column":5}}]}},"b":{"0":[2],"1":[1],"2":[0],"3":[2],"4":[1],"5":[2],"6":[8],"7":[4],"8":[0],"9":[2],"10":[0],"11":[1],"12":[0],"13":[0],"14":[2],"15":[0],"16":[0],"17":[1],"18":[0]},"fnMap":{"0":{"name":"getSettings","decl":{"start":{"line":28,"column":27},"end":{"line":48,"column":2}},"loc":{"start":{"line":28,"column":27},"end":{"line":48,"column":2}},"line":28},"1":{"name":"migrateData","decl":{"start":{"line":50,"column":27},"end":{"line":59,"column":2}},"loc":{"start":{"line":50,"column":27},"end":{"line":59,"column":2}},"line":50},"2":{"name":"deleteLegacyData","decl":{"start":{"line":61,"column":32},"end":{"line":93,"column":2}},"loc":{"start":{"line":61,"column":32},"end":{"line":93,"column":2}},"line":61},"3":{"name":"updateSettings","decl":{"start":{"line":95,"column":30},"end":{"line":147,"column":2}},"loc":{"start":{"line":95,"column":30},"end":{"line":147,"column":2}},"line":95},"4":{"name":"verifyPassword","decl":{"start":{"line":149,"column":30},"end":{"line":176,"column":2}},"loc":{"start":{"line":149,"column":30},"end":{"line":176,"column":2}},"line":149}},"f":{"0":2,"1":2,"2":2,"3":2,"4":2}}
,"/Users/franklioxygen/Projects/mytube/backend/src/controllers/videoController.ts": {"path":"/Users/franklioxygen/Projects/mytube/backend/src/controllers/videoController.ts","all":false,"statementMap":{"0":{"start":{"line":1,"column":0},"end":{"line":1,"column":37}},"2":{"start":{"line":3,"column":0},"end":{"line":3,"column":26}},"3":{"start":{"line":4,"column":0},"end":{"line":4,"column":28}},"4":{"start":{"line":5,"column":0},"end":{"line":5,"column":24}},"5":{"start":{"line":6,"column":0},"end":{"line":6,"column":57}},"6":{"start":{"line":7,"column":0},"end":{"line":7,"column":58}},"7":{"start":{"line":8,"column":0},"end":{"line":8,"column":63}},"8":{"start":{"line":9,"column":0},"end":{"line":9,"column":61}},"9":{"start":{"line":10,"column":0},"end":{"line":10,"column":8}},"19":{"start":{"line":20,"column":0},"end":{"line":20,"column":36}},"20":{"start":{"line":21,"column":0},"end":{"line":21,"column":35}},"21":{"start":{"line":22,"column":0},"end":{"line":22,"column":33}},"22":{"start":{"line":23,"column":0},"end":{"line":23,"column":25}},"23":{"start":{"line":24,"column":0},"end":{"line":24,"column":4}},"24":{"start":{"line":25,"column":0},"end":{"line":25,"column":32}},"25":{"start":{"line":26,"column":0},"end":{"line":26,"column":76}},"26":{"start":{"line":27,"column":0},"end":{"line":27,"column":61}},"27":{"start":{"line":28,"column":0},"end":{"line":28,"column":3}},"28":{"start":{"line":29,"column":0},"end":{"line":29,"column":3}},"30":{"start":{"line":31,"column":0},"end":{"line":31,"column":51}},"33":{"start":{"line":34,"column":0},"end":{"line":34,"column":82}},"34":{"start":{"line":35,"column":0},"end":{"line":35,"column":7}},"35":{"start":{"line":36,"column":0},"end":{"line":36,"column":32}},"37":{"start":{"line":38,"column":0},"end":{"line":38,"column":17}},"38":{"start":{"line":39,"column":0},"end":{"line":39,"column":73}},"39":{"start":{"line":40,"column":0},"end":{"line":40,"column":5}},"41":{"start":{"line":42,"column":0},"end":{"line":42,"column":73}},"42":{"start":{"line":43,"column":0},"end":{"line":43,"column":38}},"43":{"start":{"line":44,"column":0},"end":{"line":44,"column":24}},"44":{"start":{"line":45,"column":0},"end":{"line":45,"column":56}},"45":{"start":{"line":46,"column":0},"end":{"line":46,"column":26}},"46":{"start":{"line":47,"column":0},"end":{"line":47,"column":43}},"47":{"start":{"line":48,"column":0},"end":{"line":48,"column":29}},"48":{"start":{"line":49,"column":0},"end":{"line":49,"column":7}},"49":{"start":{"line":50,"column":0},"end":{"line":50,"column":3}},"50":{"start":{"line":51,"column":0},"end":{"line":51,"column":2}},"53":{"start":{"line":54,"column":0},"end":{"line":54,"column":83}},"54":{"start":{"line":55,"column":0},"end":{"line":55,"column":7}},"55":{"start":{"line":56,"column":0},"end":{"line":56,"column":106}},"56":{"start":{"line":57,"column":0},"end":{"line":57,"column":30}},"58":{"start":{"line":59,"column":0},"end":{"line":59,"column":20}},"59":{"start":{"line":60,"column":0},"end":{"line":60,"column":70}},"60":{"start":{"line":61,"column":0},"end":{"line":61,"column":5}},"62":{"start":{"line":63,"column":0},"end":{"line":63,"column":68}},"65":{"start":{"line":66,"column":0},"end":{"line":66,"column":44}},"66":{"start":{"line":67,"column":0},"end":{"line":67,"column":44}},"69":{"start":{"line":70,"column":0},"end":{"line":70,"column":32}},"71":{"start":{"line":72,"column":0},"end":{"line":72,"column":35}},"72":{"start":{"line":73,"column":0},"end":{"line":73,"column":33}},"73":{"start":{"line":74,"column":0},"end":{"line":74,"column":27}},"74":{"start":{"line":75,"column":0},"end":{"line":75,"column":29}},"75":{"start":{"line":76,"column":0},"end":{"line":76,"column":9}},"76":{"start":{"line":77,"column":0},"end":{"line":77,"column":5}},"79":{"start":{"line":80,"column":0},"end":{"line":80,"column":31}},"80":{"start":{"line":81,"column":0},"end":{"line":81,"column":76}},"81":{"start":{"line":82,"column":0},"end":{"line":82,"column":37}},"82":{"start":{"line":83,"column":0},"end":{"line":83,"column":41}},"83":{"start":{"line":84,"column":0},"end":{"line":84,"column":38}},"84":{"start":{"line":85,"column":0},"end":{"line":85,"column":45}},"85":{"start":{"line":86,"column":0},"end":{"line":86,"column":36}},"86":{"start":{"line":87,"column":0},"end":{"line":87,"column":5}},"89":{"start":{"line":90,"column":0},"end":{"line":90,"column":45}},"92":{"start":{"line":93,"column":0},"end":{"line":93,"column":38}},"94":{"start":{"line":95,"column":0},"end":{"line":95,"column":40}},"95":{"start":{"line":96,"column":0},"end":{"line":96,"column":51}},"96":{"start":{"line":97,"column":0},"end":{"line":97,"column":60}},"97":{"start":{"line":98,"column":0},"end":{"line":98,"column":7}},"100":{"start":{"line":101,"column":0},"end":{"line":101,"column":36}},"101":{"start":{"line":102,"column":0},"end":{"line":102,"column":45}},"102":{"start":{"line":103,"column":0},"end":{"line":103,"column":61}},"105":{"start":{"line":106,"column":0},"end":{"line":106,"column":51}},"106":{"start":{"line":107,"column":0},"end":{"line":107,"column":64}},"108":{"start":{"line":109,"column":0},"end":{"line":109,"column":74}},"109":{"start":{"line":110,"column":0},"end":{"line":110,"column":27}},"110":{"start":{"line":111,"column":0},"end":{"line":111,"column":27}},"111":{"start":{"line":112,"column":0},"end":{"line":112,"column":22}},"112":{"start":{"line":113,"column":0},"end":{"line":113,"column":12}},"114":{"start":{"line":115,"column":0},"end":{"line":115,"column":31}},"115":{"start":{"line":116,"column":0},"end":{"line":116,"column":20}},"116":{"start":{"line":117,"column":0},"end":{"line":117,"column":28}},"117":{"start":{"line":118,"column":0},"end":{"line":118,"column":48}},"118":{"start":{"line":119,"column":0},"end":{"line":119,"column":56}},"119":{"start":{"line":120,"column":0},"end":{"line":120,"column":32}},"120":{"start":{"line":121,"column":0},"end":{"line":121,"column":14}},"121":{"start":{"line":122,"column":0},"end":{"line":122,"column":18}},"122":{"start":{"line":123,"column":0},"end":{"line":123,"column":84}},"123":{"start":{"line":124,"column":0},"end":{"line":124,"column":11}},"124":{"start":{"line":125,"column":0},"end":{"line":125,"column":9}},"127":{"start":{"line":128,"column":0},"end":{"line":128,"column":31}},"128":{"start":{"line":129,"column":0},"end":{"line":129,"column":59}},"129":{"start":{"line":130,"column":0},"end":{"line":130,"column":25}},"130":{"start":{"line":131,"column":0},"end":{"line":131,"column":67}},"131":{"start":{"line":132,"column":0},"end":{"line":132,"column":11}},"134":{"start":{"line":135,"column":0},"end":{"line":135,"column":83}},"136":{"start":{"line":137,"column":0},"end":{"line":137,"column":35}},"137":{"start":{"line":138,"column":0},"end":{"line":138,"column":69}},"138":{"start":{"line":139,"column":0},"end":{"line":139,"column":11}},"140":{"start":{"line":141,"column":0},"end":{"line":141,"column":52}},"143":{"start":{"line":144,"column":0},"end":{"line":144,"column":82}},"146":{"start":{"line":147,"column":0},"end":{"line":147,"column":49}},"147":{"start":{"line":148,"column":0},"end":{"line":148,"column":31}},"148":{"start":{"line":149,"column":0},"end":{"line":149,"column":35}},"149":{"start":{"line":150,"column":0},"end":{"line":150,"column":40}},"150":{"start":{"line":151,"column":0},"end":{"line":151,"column":35}},"151":{"start":{"line":152,"column":0},"end":{"line":152,"column":25}},"152":{"start":{"line":153,"column":0},"end":{"line":153,"column":50}},"153":{"start":{"line":154,"column":0},"end":{"line":154,"column":36}},"154":{"start":{"line":155,"column":0},"end":{"line":155,"column":14}},"155":{"start":{"line":156,"column":0},"end":{"line":156,"column":57}},"156":{"start":{"line":157,"column":0},"end":{"line":157,"column":44}},"157":{"start":{"line":158,"column":0},"end":{"line":158,"column":11}},"160":{"start":{"line":161,"column":0},"end":{"line":161,"column":49}},"161":{"start":{"line":162,"column":0},"end":{"line":162,"column":48}},"164":{"start":{"line":165,"column":0},"end":{"line":165,"column":83}},"165":{"start":{"line":166,"column":0},"end":{"line":166,"column":25}},"166":{"start":{"line":167,"column":0},"end":{"line":167,"column":14}},"167":{"start":{"line":168,"column":0},"end":{"line":168,"column":25}},"168":{"start":{"line":169,"column":0},"end":{"line":169,"column":37}},"169":{"start":{"line":170,"column":0},"end":{"line":170,"column":12}},"172":{"start":{"line":173,"column":0},"end":{"line":173,"column":58}},"173":{"start":{"line":174,"column":0},"end":{"line":174,"column":81}},"174":{"start":{"line":175,"column":0},"end":{"line":175,"column":68}},"175":{"start":{"line":176,"column":0},"end":{"line":176,"column":32}},"176":{"start":{"line":177,"column":0},"end":{"line":177,"column":15}},"177":{"start":{"line":178,"column":0},"end":{"line":178,"column":11}},"181":{"start":{"line":182,"column":0},"end":{"line":182,"column":33}},"182":{"start":{"line":183,"column":0},"end":{"line":183,"column":59}},"183":{"start":{"line":184,"column":0},"end":{"line":184,"column":22}},"184":{"start":{"line":185,"column":0},"end":{"line":185,"column":16}},"185":{"start":{"line":186,"column":0},"end":{"line":186,"column":27}},"186":{"start":{"line":187,"column":0},"end":{"line":187,"column":40}},"187":{"start":{"line":188,"column":0},"end":{"line":188,"column":28}},"188":{"start":{"line":189,"column":0},"end":{"line":189,"column":61}},"189":{"start":{"line":190,"column":0},"end":{"line":190,"column":14}},"190":{"start":{"line":191,"column":0},"end":{"line":191,"column":11}},"192":{"start":{"line":193,"column":0},"end":{"line":193,"column":18}},"193":{"start":{"line":194,"column":0},"end":{"line":194,"column":26}},"194":{"start":{"line":195,"column":0},"end":{"line":195,"column":45}},"195":{"start":{"line":196,"column":0},"end":{"line":196,"column":30}},"196":{"start":{"line":197,"column":0},"end":{"line":197,"column":37}},"197":{"start":{"line":198,"column":0},"end":{"line":198,"column":25}},"198":{"start":{"line":199,"column":0},"end":{"line":199,"column":12}},"199":{"start":{"line":200,"column":0},"end":{"line":200,"column":16}},"201":{"start":{"line":202,"column":0},"end":{"line":202,"column":64}},"203":{"start":{"line":204,"column":0},"end":{"line":204,"column":74}},"204":{"start":{"line":205,"column":0},"end":{"line":205,"column":21}},"205":{"start":{"line":206,"column":0},"end":{"line":206,"column":14}},"206":{"start":{"line":207,"column":0},"end":{"line":207,"column":14}},"207":{"start":{"line":208,"column":0},"end":{"line":208,"column":59}},"208":{"start":{"line":209,"column":0},"end":{"line":209,"column":12}},"210":{"start":{"line":211,"column":0},"end":{"line":211,"column":31}},"211":{"start":{"line":212,"column":0},"end":{"line":212,"column":62}},"212":{"start":{"line":213,"column":0},"end":{"line":213,"column":18}},"213":{"start":{"line":214,"column":0},"end":{"line":214,"column":81}},"214":{"start":{"line":215,"column":0},"end":{"line":215,"column":11}},"215":{"start":{"line":216,"column":0},"end":{"line":216,"column":9}},"216":{"start":{"line":217,"column":0},"end":{"line":217,"column":47}},"218":{"start":{"line":219,"column":0},"end":{"line":219,"column":90}},"219":{"start":{"line":220,"column":0},"end":{"line":220,"column":51}},"220":{"start":{"line":221,"column":0},"end":{"line":221,"column":14}},"222":{"start":{"line":223,"column":0},"end":{"line":223,"column":91}},"223":{"start":{"line":224,"column":0},"end":{"line":224,"column":51}},"224":{"start":{"line":225,"column":0},"end":{"line":225,"column":7}},"225":{"start":{"line":226,"column":0},"end":{"line":226,"column":6}},"228":{"start":{"line":229,"column":0},"end":{"line":229,"column":71}},"229":{"start":{"line":230,"column":0},"end":{"line":230,"column":30}},"230":{"start":{"line":231,"column":0},"end":{"line":231,"column":64}},"231":{"start":{"line":232,"column":0},"end":{"line":232,"column":8}},"232":{"start":{"line":233,"column":0},"end":{"line":233,"column":30}},"233":{"start":{"line":234,"column":0},"end":{"line":234,"column":49}},"234":{"start":{"line":235,"column":0},"end":{"line":235,"column":9}},"237":{"start":{"line":238,"column":0},"end":{"line":238,"column":27}},"238":{"start":{"line":239,"column":0},"end":{"line":239,"column":21}},"239":{"start":{"line":240,"column":0},"end":{"line":240,"column":34}},"240":{"start":{"line":241,"column":0},"end":{"line":241,"column":17}},"241":{"start":{"line":242,"column":0},"end":{"line":242,"column":7}},"243":{"start":{"line":244,"column":0},"end":{"line":244,"column":24}},"244":{"start":{"line":245,"column":0},"end":{"line":245,"column":52}},"245":{"start":{"line":246,"column":0},"end":{"line":246,"column":7}},"246":{"start":{"line":247,"column":0},"end":{"line":247,"column":18}},"247":{"start":{"line":248,"column":0},"end":{"line":248,"column":75}},"248":{"start":{"line":249,"column":0},"end":{"line":249,"column":3}},"249":{"start":{"line":250,"column":0},"end":{"line":250,"column":2}},"252":{"start":{"line":253,"column":0},"end":{"line":253,"column":65}},"253":{"start":{"line":254,"column":0},"end":{"line":254,"column":7}},"254":{"start":{"line":255,"column":0},"end":{"line":255,"column":46}},"255":{"start":{"line":256,"column":0},"end":{"line":256,"column":33}},"256":{"start":{"line":257,"column":0},"end":{"line":257,"column":19}},"257":{"start":{"line":258,"column":0},"end":{"line":258,"column":51}},"258":{"start":{"line":259,"column":0},"end":{"line":259,"column":62}},"259":{"start":{"line":260,"column":0},"end":{"line":260,"column":3}},"260":{"start":{"line":261,"column":0},"end":{"line":261,"column":2}},"263":{"start":{"line":264,"column":0},"end":{"line":264,"column":67}},"264":{"start":{"line":265,"column":0},"end":{"line":265,"column":7}},"265":{"start":{"line":266,"column":0},"end":{"line":266,"column":30}},"266":{"start":{"line":267,"column":0},"end":{"line":267,"column":50}},"268":{"start":{"line":269,"column":0},"end":{"line":269,"column":17}},"269":{"start":{"line":270,"column":0},"end":{"line":270,"column":64}},"270":{"start":{"line":271,"column":0},"end":{"line":271,"column":5}},"272":{"start":{"line":273,"column":0},"end":{"line":273,"column":32}},"273":{"start":{"line":274,"column":0},"end":{"line":274,"column":19}},"274":{"start":{"line":275,"column":0},"end":{"line":275,"column":50}},"275":{"start":{"line":276,"column":0},"end":{"line":276,"column":61}},"276":{"start":{"line":277,"column":0},"end":{"line":277,"column":3}},"277":{"start":{"line":278,"column":0},"end":{"line":278,"column":2}},"280":{"start":{"line":281,"column":0},"end":{"line":281,"column":66}},"281":{"start":{"line":282,"column":0},"end":{"line":282,"column":7}},"282":{"start":{"line":283,"column":0},"end":{"line":283,"column":30}},"283":{"start":{"line":284,"column":0},"end":{"line":284,"column":51}},"285":{"start":{"line":286,"column":0},"end":{"line":286,"column":19}},"286":{"start":{"line":287,"column":0},"end":{"line":287,"column":64}},"287":{"start":{"line":288,"column":0},"end":{"line":288,"column":5}},"289":{"start":{"line":290,"column":0},"end":{"line":290,"column":7}},"290":{"start":{"line":291,"column":0},"end":{"line":291,"column":18}},"291":{"start":{"line":292,"column":0},"end":{"line":292,"column":70}},"292":{"start":{"line":293,"column":0},"end":{"line":293,"column":19}},"293":{"start":{"line":294,"column":0},"end":{"line":294,"column":50}},"294":{"start":{"line":295,"column":0},"end":{"line":295,"column":62}},"295":{"start":{"line":296,"column":0},"end":{"line":296,"column":3}},"296":{"start":{"line":297,"column":0},"end":{"line":297,"column":2}},"299":{"start":{"line":300,"column":0},"end":{"line":300,"column":73}},"300":{"start":{"line":301,"column":0},"end":{"line":301,"column":7}},"301":{"start":{"line":302,"column":0},"end":{"line":302,"column":54}},"302":{"start":{"line":303,"column":0},"end":{"line":303,"column":33}},"303":{"start":{"line":304,"column":0},"end":{"line":304,"column":19}},"304":{"start":{"line":305,"column":0},"end":{"line":305,"column":60}},"305":{"start":{"line":306,"column":0},"end":{"line":306,"column":71}},"306":{"start":{"line":307,"column":0},"end":{"line":307,"column":3}},"307":{"start":{"line":308,"column":0},"end":{"line":308,"column":2}},"310":{"start":{"line":311,"column":0},"end":{"line":311,"column":88}},"311":{"start":{"line":312,"column":0},"end":{"line":312,"column":7}},"312":{"start":{"line":313,"column":0},"end":{"line":313,"column":30}},"314":{"start":{"line":315,"column":0},"end":{"line":315,"column":15}},"315":{"start":{"line":316,"column":0},"end":{"line":316,"column":64}},"316":{"start":{"line":317,"column":0},"end":{"line":317,"column":5}},"318":{"start":{"line":319,"column":0},"end":{"line":319,"column":40}},"319":{"start":{"line":320,"column":0},"end":{"line":320,"column":73}},"320":{"start":{"line":321,"column":0},"end":{"line":321,"column":5}},"323":{"start":{"line":324,"column":0},"end":{"line":324,"column":33}},"324":{"start":{"line":325,"column":0},"end":{"line":325,"column":38}},"325":{"start":{"line":326,"column":0},"end":{"line":326,"column":49}},"326":{"start":{"line":327,"column":0},"end":{"line":327,"column":58}},"327":{"start":{"line":328,"column":0},"end":{"line":328,"column":5}},"330":{"start":{"line":331,"column":0},"end":{"line":331,"column":41}},"333":{"start":{"line":334,"column":0},"end":{"line":334,"column":53}},"335":{"start":{"line":336,"column":0},"end":{"line":336,"column":19}},"336":{"start":{"line":337,"column":0},"end":{"line":337,"column":16}},"337":{"start":{"line":338,"column":0},"end":{"line":338,"column":20}},"338":{"start":{"line":339,"column":0},"end":{"line":339,"column":64}},"339":{"start":{"line":340,"column":0},"end":{"line":340,"column":5}},"341":{"start":{"line":342,"column":0},"end":{"line":342,"column":74}},"343":{"start":{"line":344,"column":0},"end":{"line":344,"column":33}},"344":{"start":{"line":345,"column":0},"end":{"line":345,"column":24}},"345":{"start":{"line":346,"column":0},"end":{"line":346,"column":65}},"346":{"start":{"line":347,"column":0},"end":{"line":347,"column":26}},"347":{"start":{"line":348,"column":0},"end":{"line":348,"column":52}},"348":{"start":{"line":349,"column":0},"end":{"line":349,"column":29}},"349":{"start":{"line":350,"column":0},"end":{"line":350,"column":7}},"350":{"start":{"line":351,"column":0},"end":{"line":351,"column":3}},"351":{"start":{"line":352,"column":0},"end":{"line":352,"column":2}},"354":{"start":{"line":355,"column":0},"end":{"line":355,"column":93}},"355":{"start":{"line":356,"column":0},"end":{"line":356,"column":7}},"356":{"start":{"line":357,"column":0},"end":{"line":357,"column":30}},"358":{"start":{"line":359,"column":0},"end":{"line":359,"column":15}},"359":{"start":{"line":360,"column":0},"end":{"line":360,"column":64}},"360":{"start":{"line":361,"column":0},"end":{"line":361,"column":5}},"362":{"start":{"line":363,"column":0},"end":{"line":363,"column":40}},"363":{"start":{"line":364,"column":0},"end":{"line":364,"column":73}},"364":{"start":{"line":365,"column":0},"end":{"line":365,"column":5}},"367":{"start":{"line":368,"column":0},"end":{"line":368,"column":33}},"368":{"start":{"line":369,"column":0},"end":{"line":369,"column":38}},"369":{"start":{"line":370,"column":0},"end":{"line":370,"column":49}},"370":{"start":{"line":371,"column":0},"end":{"line":371,"column":58}},"371":{"start":{"line":372,"column":0},"end":{"line":372,"column":5}},"374":{"start":{"line":375,"column":0},"end":{"line":375,"column":41}},"377":{"start":{"line":378,"column":0},"end":{"line":378,"column":53}},"379":{"start":{"line":380,"column":0},"end":{"line":380,"column":19}},"380":{"start":{"line":381,"column":0},"end":{"line":381,"column":16}},"381":{"start":{"line":382,"column":0},"end":{"line":382,"column":20}},"382":{"start":{"line":383,"column":0},"end":{"line":383,"column":64}},"383":{"start":{"line":384,"column":0},"end":{"line":384,"column":5}},"386":{"start":{"line":387,"column":0},"end":{"line":387,"column":82}},"388":{"start":{"line":389,"column":0},"end":{"line":389,"column":33}},"389":{"start":{"line":390,"column":0},"end":{"line":390,"column":24}},"390":{"start":{"line":391,"column":0},"end":{"line":391,"column":71}},"391":{"start":{"line":392,"column":0},"end":{"line":392,"column":26}},"392":{"start":{"line":393,"column":0},"end":{"line":393,"column":58}},"393":{"start":{"line":394,"column":0},"end":{"line":394,"column":29}},"394":{"start":{"line":395,"column":0},"end":{"line":395,"column":7}},"395":{"start":{"line":396,"column":0},"end":{"line":396,"column":3}},"396":{"start":{"line":397,"column":0},"end":{"line":397,"column":2}},"399":{"start":{"line":400,"column":0},"end":{"line":400,"column":86}},"400":{"start":{"line":401,"column":0},"end":{"line":401,"column":7}},"401":{"start":{"line":402,"column":0},"end":{"line":402,"column":30}},"402":{"start":{"line":403,"column":0},"end":{"line":403,"column":93}},"403":{"start":{"line":404,"column":0},"end":{"line":404,"column":35}},"404":{"start":{"line":405,"column":0},"end":{"line":405,"column":19}},"405":{"start":{"line":406,"column":0},"end":{"line":406,"column":59}},"406":{"start":{"line":407,"column":0},"end":{"line":407,"column":70}},"407":{"start":{"line":408,"column":0},"end":{"line":408,"column":3}},"408":{"start":{"line":409,"column":0},"end":{"line":409,"column":2}},"412":{"start":{"line":413,"column":0},"end":{"line":413,"column":81}},"413":{"start":{"line":414,"column":0},"end":{"line":414,"column":7}},"414":{"start":{"line":415,"column":0},"end":{"line":415,"column":20}},"415":{"start":{"line":416,"column":0},"end":{"line":416,"column":71}},"416":{"start":{"line":417,"column":0},"end":{"line":417,"column":5}},"418":{"start":{"line":419,"column":0},"end":{"line":419,"column":39}},"419":{"start":{"line":420,"column":0},"end":{"line":420,"column":42}},"420":{"start":{"line":421,"column":0},"end":{"line":421,"column":44}},"421":{"start":{"line":422,"column":0},"end":{"line":422,"column":70}},"423":{"start":{"line":424,"column":0},"end":{"line":424,"column":59}},"424":{"start":{"line":425,"column":0},"end":{"line":425,"column":67}},"427":{"start":{"line":428,"column":0},"end":{"line":428,"column":50}},"428":{"start":{"line":429,"column":0},"end":{"line":429,"column":94}},"429":{"start":{"line":430,"column":0},"end":{"line":430,"column":20}},"430":{"start":{"line":431,"column":0},"end":{"line":431,"column":62}},"432":{"start":{"line":433,"column":0},"end":{"line":433,"column":20}},"433":{"start":{"line":434,"column":0},"end":{"line":434,"column":16}},"434":{"start":{"line":435,"column":0},"end":{"line":435,"column":20}},"435":{"start":{"line":436,"column":0},"end":{"line":436,"column":9}},"436":{"start":{"line":437,"column":0},"end":{"line":437,"column":9}},"437":{"start":{"line":438,"column":0},"end":{"line":438,"column":7}},"439":{"start":{"line":440,"column":0},"end":{"line":440,"column":22}},"440":{"start":{"line":441,"column":0},"end":{"line":441,"column":18}},"441":{"start":{"line":442,"column":0},"end":{"line":442,"column":44}},"442":{"start":{"line":443,"column":0},"end":{"line":443,"column":32}},"443":{"start":{"line":444,"column":0},"end":{"line":444,"column":22}},"444":{"start":{"line":445,"column":0},"end":{"line":445,"column":57}},"445":{"start":{"line":446,"column":0},"end":{"line":446,"column":35}},"446":{"start":{"line":447,"column":0},"end":{"line":447,"column":86}},"447":{"start":{"line":448,"column":0},"end":{"line":448,"column":44}},"448":{"start":{"line":449,"column":0},"end":{"line":449,"column":95}},"449":{"start":{"line":450,"column":0},"end":{"line":450,"column":94}},"450":{"start":{"line":451,"column":0},"end":{"line":451,"column":42}},"451":{"start":{"line":452,"column":0},"end":{"line":452,"column":69}},"452":{"start":{"line":453,"column":0},"end":{"line":453,"column":40}},"453":{"start":{"line":454,"column":0},"end":{"line":454,"column":6}},"455":{"start":{"line":456,"column":0},"end":{"line":456,"column":39}},"457":{"start":{"line":458,"column":0},"end":{"line":458,"column":26}},"458":{"start":{"line":459,"column":0},"end":{"line":459,"column":20}},"459":{"start":{"line":460,"column":0},"end":{"line":460,"column":45}},"460":{"start":{"line":461,"column":0},"end":{"line":461,"column":21}},"461":{"start":{"line":462,"column":0},"end":{"line":462,"column":7}},"462":{"start":{"line":463,"column":0},"end":{"line":463,"column":24}},"463":{"start":{"line":464,"column":0},"end":{"line":464,"column":51}},"464":{"start":{"line":465,"column":0},"end":{"line":465,"column":26}},"465":{"start":{"line":466,"column":0},"end":{"line":466,"column":38}},"466":{"start":{"line":467,"column":0},"end":{"line":467,"column":28}},"467":{"start":{"line":468,"column":0},"end":{"line":468,"column":7}},"468":{"start":{"line":469,"column":0},"end":{"line":469,"column":3}},"469":{"start":{"line":470,"column":0},"end":{"line":470,"column":2}},"472":{"start":{"line":473,"column":0},"end":{"line":473,"column":64}},"473":{"start":{"line":474,"column":0},"end":{"line":474,"column":7}},"474":{"start":{"line":475,"column":0},"end":{"line":475,"column":30}},"475":{"start":{"line":476,"column":0},"end":{"line":476,"column":32}},"477":{"start":{"line":478,"column":0},"end":{"line":478,"column":65}},"478":{"start":{"line":479,"column":0},"end":{"line":479,"column":88}},"479":{"start":{"line":480,"column":0},"end":{"line":480,"column":5}},"481":{"start":{"line":482,"column":0},"end":{"line":482,"column":68}},"483":{"start":{"line":484,"column":0},"end":{"line":484,"column":24}},"484":{"start":{"line":485,"column":0},"end":{"line":485,"column":64}},"485":{"start":{"line":486,"column":0},"end":{"line":486,"column":5}},"487":{"start":{"line":488,"column":0},"end":{"line":488,"column":26}},"488":{"start":{"line":489,"column":0},"end":{"line":489,"column":20}},"489":{"start":{"line":490,"column":0},"end":{"line":490,"column":42}},"490":{"start":{"line":491,"column":0},"end":{"line":491,"column":25}},"491":{"start":{"line":492,"column":0},"end":{"line":492,"column":7}},"492":{"start":{"line":493,"column":0},"end":{"line":493,"column":19}},"493":{"start":{"line":494,"column":0},"end":{"line":494,"column":48}},"494":{"start":{"line":495,"column":0},"end":{"line":495,"column":60}},"495":{"start":{"line":496,"column":0},"end":{"line":496,"column":3}},"496":{"start":{"line":497,"column":0},"end":{"line":497,"column":2}},"499":{"start":{"line":500,"column":0},"end":{"line":500,"column":73}},"500":{"start":{"line":501,"column":0},"end":{"line":501,"column":7}},"501":{"start":{"line":502,"column":0},"end":{"line":502,"column":30}},"502":{"start":{"line":503,"column":0},"end":{"line":503,"column":29}},"505":{"start":{"line":506,"column":0},"end":{"line":506,"column":35}},"506":{"start":{"line":507,"column":0},"end":{"line":507,"column":74}},"507":{"start":{"line":508,"column":0},"end":{"line":508,"column":71}},"510":{"start":{"line":511,"column":0},"end":{"line":511,"column":51}},"511":{"start":{"line":512,"column":0},"end":{"line":512,"column":74}},"512":{"start":{"line":513,"column":0},"end":{"line":513,"column":5}},"514":{"start":{"line":515,"column":0},"end":{"line":515,"column":72}},"516":{"start":{"line":517,"column":0},"end":{"line":517,"column":24}},"517":{"start":{"line":518,"column":0},"end":{"line":518,"column":64}},"518":{"start":{"line":519,"column":0},"end":{"line":519,"column":5}},"520":{"start":{"line":521,"column":0},"end":{"line":521,"column":26}},"521":{"start":{"line":522,"column":0},"end":{"line":522,"column":20}},"522":{"start":{"line":523,"column":0},"end":{"line":523,"column":44}},"523":{"start":{"line":524,"column":0},"end":{"line":524,"column":25}},"524":{"start":{"line":525,"column":0},"end":{"line":525,"column":7}},"525":{"start":{"line":526,"column":0},"end":{"line":526,"column":19}},"526":{"start":{"line":527,"column":0},"end":{"line":527,"column":50}},"527":{"start":{"line":528,"column":0},"end":{"line":528,"column":62}},"528":{"start":{"line":529,"column":0},"end":{"line":529,"column":3}},"529":{"start":{"line":530,"column":0},"end":{"line":530,"column":2}}},"s":{"0":1,"2":1,"3":1,"4":1,"5":1,"6":1,"7":1,"8":1,"9":1,"19":1,"20":1,"21":0,"22":0,"23":0,"24":1,"25":0,"26":0,"27":0,"28":1,"30":1,"33":1,"34":2,"35":2,"37":2,"38":1,"39":1,"41":1,"42":1,"43":2,"44":0,"45":0,"46":0,"47":0,"48":0,"49":0,"50":2,"53":1,"54":10,"55":10,"56":10,"58":10,"59":1,"60":1,"62":9,"65":9,"66":9,"69":10,"71":1,"72":1,"73":1,"74":1,"75":1,"76":1,"79":8,"80":10,"81":3,"82":10,"83":4,"84":5,"85":1,"86":1,"89":8,"92":8,"94":1,"95":0,"96":0,"97":0,"100":1,"101":1,"102":1,"105":1,"106":0,"108":0,"109":0,"110":0,"111":0,"112":0,"114":0,"115":0,"116":0,"117":0,"118":0,"119":0,"120":0,"121":0,"122":0,"123":0,"124":0,"127":1,"128":0,"129":0,"130":0,"131":0,"134":0,"136":0,"137":0,"138":0,"140":0,"143":0,"146":0,"147":0,"148":0,"149":0,"150":0,"151":0,"152":0,"153":0,"154":0,"155":0,"156":0,"157":0,"160":0,"161":0,"164":0,"165":0,"166":0,"167":0,"168":0,"169":0,"172":0,"173":0,"174":0,"175":0,"176":0,"177":0,"181":0,"182":0,"183":0,"184":0,"185":0,"186":0,"187":0,"188":0,"189":0,"190":0,"192":0,"193":0,"194":0,"195":0,"196":0,"197":0,"198":0,"199":1,"201":1,"203":1,"204":1,"205":1,"206":1,"207":1,"208":1,"210":1,"211":0,"212":1,"213":1,"214":1,"215":1,"216":1,"218":0,"219":0,"220":0,"222":0,"223":0,"224":0,"225":1,"228":8,"229":8,"230":6,"231":8,"232":8,"233":1,"234":8,"237":8,"238":8,"239":8,"240":8,"241":8,"243":10,"244":1,"245":1,"246":1,"247":1,"248":1,"249":10,"252":1,"253":1,"254":1,"255":1,"256":1,"257":0,"258":0,"259":0,"260":1,"263":1,"264":2,"265":2,"266":2,"268":2,"269":1,"270":1,"272":1,"273":2,"274":0,"275":0,"276":0,"277":2,"280":1,"281":2,"282":2,"283":2,"285":2,"286":1,"287":1,"289":1,"290":1,"291":1,"292":2,"293":0,"294":0,"295":0,"296":2,"299":1,"300":1,"301":1,"302":1,"303":1,"304":0,"305":0,"306":0,"307":1,"310":1,"311":3,"312":3,"314":3,"315":1,"316":1,"318":3,"319":1,"320":1,"323":1,"324":3,"325":0,"326":0,"327":0,"330":1,"333":1,"335":3,"336":0,"337":0,"338":0,"339":0,"341":1,"343":1,"344":3,"345":0,"346":0,"347":0,"348":0,"349":0,"350":0,"351":3,"354":1,"355":2,"356":2,"358":2,"359":1,"360":1,"362":2,"363":0,"364":0,"367":1,"368":2,"369":0,"370":0,"371":0,"374":1,"377":1,"379":2,"380":0,"381":0,"382":0,"383":0,"386":1,"388":1,"389":2,"390":0,"391":0,"392":0,"393":0,"394":0,"395":0,"396":2,"399":1,"400":1,"401":1,"402":1,"403":1,"404":1,"405":0,"406":0,"407":0,"408":1,"412":1,"413":1,"414":1,"415":0,"416":0,"418":1,"419":1,"420":1,"421":1,"423":1,"424":1,"427":1,"428":1,"429":1,"430":0,"432":0,"433":1,"434":1,"435":1,"436":1,"437":1,"439":1,"440":1,"441":1,"442":1,"443":1,"444":1,"445":1,"446":1,"447":1,"448":1,"449":1,"450":1,"451":1,"452":1,"453":1,"455":1,"457":1,"458":1,"459":1,"460":1,"461":1,"462":1,"463":0,"464":0,"465":0,"466":0,"467":0,"468":0,"469":1,"472":1,"473":3,"474":3,"475":3,"477":3,"478":1,"479":1,"481":2,"483":3,"484":1,"485":1,"487":1,"488":1,"489":1,"490":1,"491":1,"492":3,"493":0,"494":0,"495":0,"496":3,"499":1,"500":4,"501":4,"502":4,"505":4,"506":4,"507":4,"510":4,"511":1,"512":1,"514":3,"516":4,"517":1,"518":1,"520":2,"521":2,"522":2,"523":2,"524":2,"525":4,"526":0,"527":0,"528":0,"529":4},"branchMap":{"0":{"type":"branch","line":34,"loc":{"start":{"line":34,"column":28},"end":{"line":51,"column":2}},"locations":[{"start":{"line":34,"column":28},"end":{"line":51,"column":2}}]},"1":{"type":"branch","line":38,"loc":{"start":{"line":38,"column":16},"end":{"line":44,"column":11}},"locations":[{"start":{"line":38,"column":16},"end":{"line":44,"column":11}}]},"2":{"type":"branch","line":44,"loc":{"start":{"line":44,"column":2},"end":{"line":50,"column":3}},"locations":[{"start":{"line":44,"column":2},"end":{"line":50,"column":3}}]},"3":{"type":"branch","line":54,"loc":{"start":{"line":54,"column":29},"end":{"line":250,"column":2}},"locations":[{"start":{"line":54,"column":29},"end":{"line":250,"column":2}}]},"4":{"type":"branch","line":59,"loc":{"start":{"line":59,"column":19},"end":{"line":61,"column":5}},"locations":[{"start":{"line":59,"column":19},"end":{"line":61,"column":5}}]},"5":{"type":"branch","line":61,"loc":{"start":{"line":61,"column":4},"end":{"line":70,"column":31}},"locations":[{"start":{"line":61,"column":4},"end":{"line":70,"column":31}}]},"6":{"type":"branch","line":70,"loc":{"start":{"line":70,"column":31},"end":{"line":77,"column":5}},"locations":[{"start":{"line":70,"column":31},"end":{"line":77,"column":5}}]},"7":{"type":"branch","line":77,"loc":{"start":{"line":77,"column":4},"end":{"line":81,"column":44}},"locations":[{"start":{"line":77,"column":4},"end":{"line":81,"column":44}}]},"8":{"type":"branch","line":81,"loc":{"start":{"line":81,"column":39},"end":{"line":81,"column":75}},"locations":[{"start":{"line":81,"column":39},"end":{"line":81,"column":75}}]},"9":{"type":"branch","line":81,"loc":{"start":{"line":81,"column":75},"end":{"line":83,"column":15}},"locations":[{"start":{"line":81,"column":75},"end":{"line":83,"column":15}}]},"10":{"type":"branch","line":83,"loc":{"start":{"line":83,"column":4},"end":{"line":87,"column":5}},"locations":[{"start":{"line":83,"column":4},"end":{"line":87,"column":5}}]},"11":{"type":"branch","line":83,"loc":{"start":{"line":83,"column":40},"end":{"line":85,"column":15}},"locations":[{"start":{"line":83,"column":40},"end":{"line":85,"column":15}}]},"12":{"type":"branch","line":85,"loc":{"start":{"line":85,"column":4},"end":{"line":87,"column":5}},"locations":[{"start":{"line":85,"column":4},"end":{"line":87,"column":5}}]},"13":{"type":"branch","line":87,"loc":{"start":{"line":87,"column":4},"end":{"line":244,"column":11}},"locations":[{"start":{"line":87,"column":4},"end":{"line":244,"column":11}}]},"14":{"type":"branch","line":244,"loc":{"start":{"line":244,"column":2},"end":{"line":249,"column":3}},"locations":[{"start":{"line":244,"column":2},"end":{"line":249,"column":3}}]},"15":{"type":"branch","line":93,"loc":{"start":{"line":93,"column":25},"end":{"line":226,"column":6}},"locations":[{"start":{"line":93,"column":25},"end":{"line":226,"column":6}}]},"16":{"type":"branch","line":95,"loc":{"start":{"line":95,"column":39},"end":{"line":98,"column":7}},"locations":[{"start":{"line":95,"column":39},"end":{"line":98,"column":7}}]},"17":{"type":"branch","line":106,"loc":{"start":{"line":106,"column":12},"end":{"line":106,"column":50}},"locations":[{"start":{"line":106,"column":12},"end":{"line":106,"column":50}}]},"18":{"type":"branch","line":106,"loc":{"start":{"line":106,"column":50},"end":{"line":125,"column":9}},"locations":[{"start":{"line":106,"column":50},"end":{"line":125,"column":9}}]},"19":{"type":"branch","line":128,"loc":{"start":{"line":128,"column":30},"end":{"line":200,"column":15}},"locations":[{"start":{"line":128,"column":30},"end":{"line":200,"column":15}}]},"20":{"type":"branch","line":211,"loc":{"start":{"line":211,"column":30},"end":{"line":213,"column":17}},"locations":[{"start":{"line":211,"column":30},"end":{"line":213,"column":17}}]},"21":{"type":"branch","line":214,"loc":{"start":{"line":214,"column":35},"end":{"line":214,"column":79}},"locations":[{"start":{"line":214,"column":35},"end":{"line":214,"column":79}}]},"22":{"type":"branch","line":217,"loc":{"start":{"line":217,"column":6},"end":{"line":225,"column":7}},"locations":[{"start":{"line":217,"column":6},"end":{"line":225,"column":7}}]},"23":{"type":"branch","line":230,"loc":{"start":{"line":230,"column":12},"end":{"line":232,"column":7}},"locations":[{"start":{"line":230,"column":12},"end":{"line":232,"column":7}}]},"24":{"type":"branch","line":233,"loc":{"start":{"line":233,"column":13},"end":{"line":235,"column":7}},"locations":[{"start":{"line":233,"column":13},"end":{"line":235,"column":7}}]},"25":{"type":"branch","line":253,"loc":{"start":{"line":253,"column":25},"end":{"line":261,"column":2}},"locations":[{"start":{"line":253,"column":25},"end":{"line":261,"column":2}}]},"26":{"type":"branch","line":257,"loc":{"start":{"line":257,"column":2},"end":{"line":260,"column":3}},"locations":[{"start":{"line":257,"column":2},"end":{"line":260,"column":3}}]},"27":{"type":"branch","line":264,"loc":{"start":{"line":264,"column":28},"end":{"line":278,"column":2}},"locations":[{"start":{"line":264,"column":28},"end":{"line":278,"column":2}}]},"28":{"type":"branch","line":269,"loc":{"start":{"line":269,"column":16},"end":{"line":274,"column":11}},"locations":[{"start":{"line":269,"column":16},"end":{"line":274,"column":11}}]},"29":{"type":"branch","line":274,"loc":{"start":{"line":274,"column":2},"end":{"line":277,"column":3}},"locations":[{"start":{"line":274,"column":2},"end":{"line":277,"column":3}}]},"30":{"type":"branch","line":281,"loc":{"start":{"line":281,"column":27},"end":{"line":297,"column":2}},"locations":[{"start":{"line":281,"column":27},"end":{"line":297,"column":2}}]},"31":{"type":"branch","line":286,"loc":{"start":{"line":286,"column":18},"end":{"line":293,"column":11}},"locations":[{"start":{"line":286,"column":18},"end":{"line":293,"column":11}}]},"32":{"type":"branch","line":293,"loc":{"start":{"line":293,"column":2},"end":{"line":296,"column":3}},"locations":[{"start":{"line":293,"column":2},"end":{"line":296,"column":3}}]},"33":{"type":"branch","line":300,"loc":{"start":{"line":300,"column":33},"end":{"line":308,"column":2}},"locations":[{"start":{"line":300,"column":33},"end":{"line":308,"column":2}}]},"34":{"type":"branch","line":304,"loc":{"start":{"line":304,"column":2},"end":{"line":307,"column":3}},"locations":[{"start":{"line":304,"column":2},"end":{"line":307,"column":3}}]},"35":{"type":"branch","line":311,"loc":{"start":{"line":311,"column":34},"end":{"line":352,"column":2}},"locations":[{"start":{"line":311,"column":34},"end":{"line":352,"column":2}}]},"36":{"type":"branch","line":315,"loc":{"start":{"line":315,"column":14},"end":{"line":317,"column":5}},"locations":[{"start":{"line":315,"column":14},"end":{"line":317,"column":5}}]},"37":{"type":"branch","line":317,"loc":{"start":{"line":317,"column":4},"end":{"line":319,"column":39}},"locations":[{"start":{"line":317,"column":4},"end":{"line":319,"column":39}}]},"38":{"type":"branch","line":319,"loc":{"start":{"line":319,"column":39},"end":{"line":325,"column":37}},"locations":[{"start":{"line":319,"column":39},"end":{"line":325,"column":37}}]},"39":{"type":"branch","line":325,"loc":{"start":{"line":325,"column":37},"end":{"line":328,"column":5}},"locations":[{"start":{"line":325,"column":37},"end":{"line":328,"column":5}}]},"40":{"type":"branch","line":328,"loc":{"start":{"line":328,"column":4},"end":{"line":336,"column":18}},"locations":[{"start":{"line":328,"column":4},"end":{"line":336,"column":18}}]},"41":{"type":"branch","line":336,"loc":{"start":{"line":336,"column":18},"end":{"line":340,"column":5}},"locations":[{"start":{"line":336,"column":18},"end":{"line":340,"column":5}}]},"42":{"type":"branch","line":340,"loc":{"start":{"line":340,"column":4},"end":{"line":345,"column":11}},"locations":[{"start":{"line":340,"column":4},"end":{"line":345,"column":11}}]},"43":{"type":"branch","line":345,"loc":{"start":{"line":345,"column":2},"end":{"line":351,"column":3}},"locations":[{"start":{"line":345,"column":2},"end":{"line":351,"column":3}}]},"44":{"type":"branch","line":355,"loc":{"start":{"line":355,"column":39},"end":{"line":397,"column":2}},"locations":[{"start":{"line":355,"column":39},"end":{"line":397,"column":2}}]},"45":{"type":"branch","line":359,"loc":{"start":{"line":359,"column":14},"end":{"line":363,"column":39}},"locations":[{"start":{"line":359,"column":14},"end":{"line":363,"column":39}}]},"46":{"type":"branch","line":363,"loc":{"start":{"line":363,"column":39},"end":{"line":365,"column":5}},"locations":[{"start":{"line":363,"column":39},"end":{"line":365,"column":5}}]},"47":{"type":"branch","line":365,"loc":{"start":{"line":365,"column":4},"end":{"line":369,"column":37}},"locations":[{"start":{"line":365,"column":4},"end":{"line":369,"column":37}}]},"48":{"type":"branch","line":369,"loc":{"start":{"line":369,"column":37},"end":{"line":372,"column":5}},"locations":[{"start":{"line":369,"column":37},"end":{"line":372,"column":5}}]},"49":{"type":"branch","line":372,"loc":{"start":{"line":372,"column":4},"end":{"line":380,"column":18}},"locations":[{"start":{"line":372,"column":4},"end":{"line":380,"column":18}}]},"50":{"type":"branch","line":380,"loc":{"start":{"line":380,"column":18},"end":{"line":384,"column":5}},"locations":[{"start":{"line":380,"column":18},"end":{"line":384,"column":5}}]},"51":{"type":"branch","line":384,"loc":{"start":{"line":384,"column":4},"end":{"line":390,"column":11}},"locations":[{"start":{"line":384,"column":4},"end":{"line":390,"column":11}}]},"52":{"type":"branch","line":390,"loc":{"start":{"line":390,"column":2},"end":{"line":396,"column":3}},"locations":[{"start":{"line":390,"column":2},"end":{"line":396,"column":3}}]},"53":{"type":"branch","line":400,"loc":{"start":{"line":400,"column":32},"end":{"line":409,"column":2}},"locations":[{"start":{"line":400,"column":32},"end":{"line":409,"column":2}}]},"54":{"type":"branch","line":405,"loc":{"start":{"line":405,"column":2},"end":{"line":408,"column":3}},"locations":[{"start":{"line":405,"column":2},"end":{"line":408,"column":3}
[...]
column":1}},"line":301},"12":{"name":"deleteVideo","decl":{"start":{"line":325,"column":7},"end":{"line":352,"column":1}},"loc":{"start":{"line":325,"column":7},"end":{"line":352,"column":1}},"line":325},"13":{"name":"getCollections","decl":{"start":{"line":356,"column":7},"end":{"line":385,"column":1}},"loc":{"start":{"line":356,"column":7},"end":{"line":385,"column":1}},"line":356},"14":{"name":"getCollectionById","decl":{"start":{"line":387,"column":7},"end":{"line":418,"column":1}},"loc":{"start":{"line":387,"column":7},"end":{"line":418,"column":1}},"line":387},"15":{"name":"saveCollection","decl":{"start":{"line":420,"column":7},"end":{"line":462,"column":1}},"loc":{"start":{"line":420,"column":7},"end":{"line":462,"column":1}},"line":420},"16":{"name":"atomicUpdateCollection","decl":{"start":{"line":464,"column":7},"end":{"line":485,"column":1}},"loc":{"start":{"line":464,"column":7},"end":{"line":485,"column":1}},"line":464},"17":{"name":"deleteCollection","decl":{"start":{"line":487,"column":7},"end":{"line":495,"column":1}},"loc":{"start":{"line":487,"column":7},"end":{"line":495,"column":1}},"line":487},"18":{"name":"findVideoFile","decl":{"start":{"line":499,"column":0},"end":{"line":512,"column":1}},"loc":{"start":{"line":499,"column":0},"end":{"line":512,"column":1}},"line":499},"19":{"name":"findImageFile","decl":{"start":{"line":514,"column":0},"end":{"line":527,"column":1}},"loc":{"start":{"line":514,"column":0},"end":{"line":527,"column":1}},"line":514},"20":{"name":"moveFile","decl":{"start":{"line":529,"column":0},"end":{"line":539,"column":1}},"loc":{"start":{"line":529,"column":0},"end":{"line":539,"column":1}},"line":529},"21":{"name":"addVideoToCollection","decl":{"start":{"line":543,"column":7},"end":{"line":589,"column":1}},"loc":{"start":{"line":543,"column":7},"end":{"line":589,"column":1}},"line":543},"22":{"name":"removeVideoFromCollection","decl":{"start":{"line":591,"column":7},"end":{"line":652,"column":1}},"loc":{"start":{"line":591,"column":7},"end":{"line":652,"column":1}},"line":591},"23":{"name":"deleteCollectionWithFiles","decl":{"start":{"line":654,"column":7},"end":{"line":733,"column":1}},"loc":{"start":{"line":654,"column":7},"end":{"line":733,"column":1}},"line":654},"24":{"name":"deleteCollectionAndVideos","decl":{"start":{"line":735,"column":7},"end":{"line":767,"column":1}},"loc":{"start":{"line":735,"column":7},"end":{"line":767,"column":1}},"line":735}},"f":{"0":2,"1":1,"2":2,"3":2,"4":2,"5":1,"6":1,"7":1,"8":1,"9":6,"10":1,"11":2,"12":2,"13":2,"14":7,"15":4,"16":4,"17":3,"18":4,"19":2,"20":2,"21":1,"22":2,"23":1,"24":1}}
,"/Users/franklioxygen/Projects/mytube/backend/src/utils/helpers.ts": {"path":"/Users/franklioxygen/Projects/mytube/backend/src/utils/helpers.ts","all":false,"statementMap":{"0":{"start":{"line":1,"column":0},"end":{"line":1,"column":26}},"3":{"start":{"line":4,"column":0},"end":{"line":4,"column":53}},"4":{"start":{"line":5,"column":0},"end":{"line":5,"column":7}},"5":{"start":{"line":6,"column":0},"end":{"line":6,"column":20}},"6":{"start":{"line":7,"column":0},"end":{"line":7,"column":16}},"7":{"start":{"line":8,"column":0},"end":{"line":8,"column":15}},"8":{"start":{"line":9,"column":0},"end":{"line":9,"column":17}},"9":{"start":{"line":10,"column":0},"end":{"line":10,"column":3}},"10":{"start":{"line":11,"column":0},"end":{"line":11,"column":1}},"13":{"start":{"line":14,"column":0},"end":{"line":14,"column":53}},"14":{"start":{"line":15,"column":0},"end":{"line":15,"column":64}},"15":{"start":{"line":16,"column":0},"end":{"line":16,"column":1}},"18":{"start":{"line":19,"column":0},"end":{"line":19,"column":58}},"20":{"start":{"line":21,"column":0},"end":{"line":21,"column":42}},"21":{"start":{"line":22,"column":0},"end":{"line":22,"column":39}},"23":{"start":{"line":24,"column":0},"end":{"line":24,"column":38}},"24":{"start":{"line":25,"column":0},"end":{"line":25,"column":22}},"25":{"start":{"line":26,"column":0},"end":{"line":26,"column":3}},"27":{"start":{"line":28,"column":0},"end":{"line":28,"column":54}},"28":{"start":{"line":29,"column":0},"end":{"line":29,"column":1}},"31":{"start":{"line":32,"column":0},"end":{"line":32,"column":69}},"32":{"start":{"line":33,"column":0},"end":{"line":33,"column":7}},"33":{"start":{"line":34,"column":0},"end":{"line":34,"column":51}},"36":{"start":{"line":37,"column":0},"end":{"line":37,"column":44}},"37":{"start":{"line":38,"column":0},"end":{"line":38,"column":22}},"38":{"start":{"line":39,"column":0},"end":{"line":39,"column":27}},"39":{"start":{"line":40,"column":0},"end":{"line":40,"column":7}},"42":{"start":{"line":43,"column":0},"end":{"line":43,"column":64}},"43":{"start":{"line":44,"column":0},"end":{"line":44,"column":47}},"45":{"start":{"line":46,"column":0},"end":{"line":46,"column":23}},"46":{"start":{"line":47,"column":0},"end":{"line":47,"column":24}},"47":{"start":{"line":48,"column":0},"end":{"line":48,"column":69}},"48":{"start":{"line":49,"column":0},"end":{"line":49,"column":58}},"49":{"start":{"line":50,"column":0},"end":{"line":50,"column":3}},"50":{"start":{"line":51,"column":0},"end":{"line":51,"column":1}},"53":{"start":{"line":54,"column":0},"end":{"line":54,"column":54}},"54":{"start":{"line":55,"column":0},"end":{"line":55,"column":7}},"56":{"start":{"line":57,"column":0},"end":{"line":57,"column":64}},"58":{"start":{"line":59,"column":0},"end":{"line":59,"column":42}},"59":{"start":{"line":60,"column":0},"end":{"line":60,"column":38}},"61":{"start":{"line":62,"column":0},"end":{"line":62,"column":47}},"62":{"start":{"line":63,"column":0},"end":{"line":63,"column":53}},"63":{"start":{"line":64,"column":0},"end":{"line":64,"column":54}},"65":{"start":{"line":66,"column":0},"end":{"line":66,"column":73}},"66":{"start":{"line":67,"column":0},"end":{"line":67,"column":22}},"67":{"start":{"line":68,"column":0},"end":{"line":68,"column":5}},"71":{"start":{"line":72,"column":0},"end":{"line":72,"column":9}},"72":{"start":{"line":73,"column":0},"end":{"line":73,"column":34}},"73":{"start":{"line":74,"column":0},"end":{"line":74,"column":60}},"74":{"start":{"line":75,"column":0},"end":{"line":75,"column":73}},"75":{"start":{"line":76,"column":0},"end":{"line":76,"column":22}},"76":{"start":{"line":77,"column":0},"end":{"line":77,"column":24}},"77":{"start":{"line":78,"column":0},"end":{"line":78,"column":52}},"78":{"start":{"line":79,"column":0},"end":{"line":79,"column":17}},"79":{"start":{"line":80,"column":0},"end":{"line":80,"column":5}},"80":{"start":{"line":81,"column":0},"end":{"line":81,"column":19}},"81":{"start":{"line":82,"column":0},"end":{"line":82,"column":57}},"82":{"start":{"line":83,"column":0},"end":{"line":83,"column":58}},"83":{"start":{"line":84,"column":0},"end":{"line":84,"column":3}},"84":{"start":{"line":85,"column":0},"end":{"line":85,"column":1}},"87":{"start":{"line":88,"column":0},"end":{"line":88,"column":68}},"89":{"start":{"line":90,"column":0},"end":{"line":90,"column":51}},"90":{"start":{"line":91,"column":0},"end":{"line":91,"column":30}},"91":{"start":{"line":92,"column":0},"end":{"line":92,"column":22}},"92":{"start":{"line":93,"column":0},"end":{"line":93,"column":3}},"95":{"start":{"line":96,"column":0},"end":{"line":96,"column":49}},"96":{"start":{"line":97,"column":0},"end":{"line":97,"column":30}},"97":{"start":{"line":98,"column":0},"end":{"line":98,"column":22}},"98":{"start":{"line":99,"column":0},"end":{"line":99,"column":3}},"100":{"start":{"line":101,"column":0},"end":{"line":101,"column":14}},"101":{"start":{"line":102,"column":0},"end":{"line":102,"column":1}},"104":{"start":{"line":105,"column":0},"end":{"line":105,"column":60}},"106":{"start":{"line":107,"column":0},"end":{"line":107,"column":63}},"110":{"start":{"line":111,"column":0},"end":{"line":111,"column":24}},"111":{"start":{"line":112,"column":0},"end":{"line":112,"column":75}},"112":{"start":{"line":113,"column":0},"end":{"line":113,"column":61}},"113":{"start":{"line":114,"column":0},"end":{"line":114,"column":1}},"116":{"start":{"line":117,"column":0},"end":{"line":117,"column":64}},"118":{"start":{"line":119,"column":0},"end":{"line":119,"column":63}},"119":{"start":{"line":120,"column":0},"end":{"line":120,"column":36}},"120":{"start":{"line":121,"column":0},"end":{"line":121,"column":25}},"121":{"start":{"line":122,"column":0},"end":{"line":122,"column":3}},"124":{"start":{"line":125,"column":0},"end":{"line":125,"column":30}},"125":{"start":{"line":126,"column":0},"end":{"line":126,"column":50}},"126":{"start":{"line":127,"column":0},"end":{"line":127,"column":17}},"127":{"start":{"line":128,"column":0},"end":{"line":128,"column":20}},"128":{"start":{"line":129,"column":0},"end":{"line":129,"column":3}},"130":{"start":{"line":131,"column":0},"end":{"line":131,"column":14}},"131":{"start":{"line":132,"column":0},"end":{"line":132,"column":1}},"134":{"start":{"line":135,"column":0},"end":{"line":135,"column":69}},"135":{"start":{"line":136,"column":0},"end":{"line":136,"column":7}},"136":{"start":{"line":137,"column":0},"end":{"line":137,"column":32}},"137":{"start":{"line":138,"column":0},"end":{"line":138,"column":58}},"138":{"start":{"line":139,"column":0},"end":{"line":139,"column":20}},"139":{"start":{"line":140,"column":0},"end":{"line":140,"column":19}},"140":{"start":{"line":141,"column":0},"end":{"line":141,"column":16}},"141":{"start":{"line":142,"column":0},"end":{"line":142,"column":3}},"142":{"start":{"line":143,"column":0},"end":{"line":143,"column":1}},"145":{"start":{"line":146,"column":0},"end":{"line":146,"column":69}},"146":{"start":{"line":147,"column":0},"end":{"line":147,"column":7}},"147":{"start":{"line":148,"column":0},"end":{"line":148,"column":32}},"148":{"start":{"line":149,"column":0},"end":{"line":149,"column":58}},"149":{"start":{"line":150,"column":0},"end":{"line":150,"column":20}},"150":{"start":{"line":151,"column":0},"end":{"line":151,"column":19}},"151":{"start":{"line":152,"column":0},"end":{"line":152,"column":16}},"152":{"start":{"line":153,"column":0},"end":{"line":153,"column":3}},"153":{"start":{"line":154,"column":0},"end":{"line":154,"column":1}}},"s":{"0":1,"3":1,"4":13,"5":13,"6":13,"7":13,"8":3,"9":3,"10":13,"13":1,"14":12,"15":12,"18":1,"20":11,"21":11,"23":11,"24":9,"25":9,"27":2,"28":2,"31":2,"32":2,"33":2,"36":2,"37":2,"38":2,"39":2,"42":2,"43":2,"45":2,"46":2,"47":1,"48":1,"49":1,"50":2,"53":1,"54":6,"56":6,"58":6,"59":5,"61":5,"62":4,"63":1,"65":5,"66":5,"67":5,"71":1,"72":1,"73":1,"74":1,"75":1,"76":3,"77":0,"78":0,"79":0,"80":6,"81":0,"82":0,"83":0,"84":6,"87":1,"89":5,"90":5,"91":3,"92":3,"95":2,"96":5,"97":1,"98":1,"100":1,"101":1,"104":1,"106":4,"110":4,"111":4,"112":4,"113":4,"116":1,"118":3,"119":3,"120":1,"121":1,"124":2,"125":2,"126":3,"127":1,"128":1,"130":1,"131":1,"134":1,"135":1,"136":1,"137":1,"138":1,"139":1,"140":0,"141":0,"142":1,"145":1,"146":1,"147":1,"148":1,"149":1,"150":1,"151":0,"152":0,"153":1},"branchMap":{"0":{"type":"branch","line":4,"loc":{"start":{"line":4,"column":7},"end":{"line":11,"column":1}},"locations":[{"start":{"line":4,"column":7},"end":{"line":11,"column":1}}]},"1":{"type":"branch","line":8,"loc":{"start":{"line":8,"column":2},"end":{"line":10,"column":3}},"locations":[{"start":{"line":8,"column":2},"end":{"line":10,"column":3}}]},"2":{"type":"branch","line":14,"loc":{"start":{"line":14,"column":7},"end":{"line":16,"column":1}},"locations":[{"start":{"line":14,"column":7},"end":{"line":16,"column":1}}]},"3":{"type":"branch","line":15,"loc":{"start":{"line":15,"column":36},"end":{"line":15,"column":64}},"locations":[{"start":{"line":15,"column":36},"end":{"line":15,"column":64}}]},"4":{"type":"branch","line":19,"loc":{"start":{"line":19,"column":7},"end":{"line":29,"column":1}},"locations":[{"start":{"line":19,"column":7},"end":{"line":29,"column":1}}]},"5":{"type":"branch","line":24,"loc":{"start":{"line":24,"column":6},"end":{"line":24,"column":37}},"locations":[{"start":{"line":24,"column":6},"end":{"line":24,"column":37}}]},"6":{"type":"branch","line":24,"loc":{"start":{"line":24,"column":37},"end":{"line":29,"column":1}},"locations":[{"start":{"line":24,"column":37},"end":{"line":29,"column":1}}]},"7":{"type":"branch","line":24,"loc":{"start":{"line":24,"column":37},"end":{"line":26,"column":3}},"locations":[{"start":{"line":24,"column":37},"end":{"line":26,"column":3}}]},"8":{"type":"branch","line":26,"loc":{"start":{"line":26,"column":2},"end":{"line":29,"column":1}},"locations":[{"start":{"line":26,"column":2},"end":{"line":29,"column":1}}]},"9":{"type":"branch","line":32,"loc":{"start":{"line":32,"column":0},"end":{"line":51,"column":1}},"locations":[{"start":{"line":32,"column":0},"end":{"line":51,"column":1}}]},"10":{"type":"branch","line":40,"loc":{"start":{"line":40,"column":5},"end":{"line":43,"column":60}},"locations":[{"start":{"line":40,"column":5},"end":{"line":43,"column":60}}]},"11":{"type":"branch","line":43,"loc":{"start":{"line":43,"column":45},"end":{"line":43,"column":64}},"locations":[{"start":{"line":43,"column":45},"end":{"line":43,"column":64}}]},"12":{"type":"branch","line":47,"loc":{"start":{"line":47,"column":2},"end":{"line":50,"column":3}},"locations":[{"start":{"line":47,"column":2},"end":{"line":50,"column":3}}]},"13":{"type":"branch","line":54,"loc":{"start":{"line":54,"column":7},"end":{"line":85,"column":1}},"locations":[{"start":{"line":54,"column":7},"end":{"line":85,"column":1}}]},"14":{"type":"branch","line":59,"loc":{"start":{"line":59,"column":8},"end":{"line":59,"column":41}},"locations":[{"start":{"line":59,"column":8},"end":{"line":59,"column":41}}]},"15":{"type":"branch","line":59,"loc":{"start":{"line":59,"column":41},"end":{"line":68,"column":5}},"locations":[{"start":{"line":59,"column":41},"end":{"line":68,"column":5}}]},"16":{"type":"branch","line":62,"loc":{"start":{"line":62,"column":46},"end":{"line":63,"column":53}},"locations":[{"start":{"line":62,"column":46},"end":{"line":63,"column":53}}]},"17":{"type":"branch","line":63,"loc":{"start":{"line":63,"column":51},"end":{"line":64,"column":54}},"locations":[{"start":{"line":63,"column":51},"end":{"line":64,"column":54}}]},"18":{"type":"branch","line":68,"loc":{"start":{"line":68,"column":4},"end":{"line":80,"column":5}},"locations":[{"start":{"line":68,"column":4},"end":{"line":80,"column":5}}]},"19":{"type":"branch","line":68,"loc":{"start":{"line":68,"column":4},"end":{"line":77,"column":13}},"locations":[{"start":{"line":68,"column":4},"end":{"line":77,"column":13}}]},"20":{"type":"branch","line":77,"loc":{"start":{"line":77,"column":4},"end":{"line":80,"column":5}},"locations":[{"start":{"line":77,"column":4},"end":{"line":80,"column":5}}]},"21":{"type":"branch","line":81,"loc":{"start":{"line":81,"column":2},"end":{"line":84,"column":3}},"locations":[{"start":{"line":81,"column":2},"end":{"line":84,"column":3}}]},"22":{"type":"branch","line":88,"loc":{"start":{"line":88,"column":7},"end":{"line":102,"column":1}},"locations":[{"start":{"line":88,"column":7},"end":{"line":102,"column":1}}]},"23":{"type":"branch","line":91,"loc":{"start":{"line":91,"column":6},"end":{"line":91,"column":29}},"locations":[{"start":{"line":91,"column":6},"end":{"line":91,"column":29}}]},"24":{"type":"branch","line":91,"loc":{"start":{"line":91,"column":29},"end":{"line":97,"column":29}},"locations":[{"start":{"line":91,"column":29},"end":{"line":97,"column":29}}]},"25":{"type":"branch","line":93,"loc":{"start":{"line":93,"column":2},"end":{"line":97,"column":17}},"locations":[{"start":{"line":93,"column":2},"end":{"line":97,"column":17}}]},"26":{"type":"branch","line":97,"loc":{"start":{"line":97,"column":6},"end":{"line":97,"column":29}},"locations":[{"start":{"line":97,"column":6},"end":{"line":97,"column":29}}]},"27":{"type":"branch","line":97,"loc":{"start":{"line":97,"column":29},"end":{"line":102,"column":1}},"locations":[{"start":{"line":97,"column":29},"end":{"line":102,"column":1}}]},"28":{"type":"branch","line":105,"loc":{"start":{"line":105,"column":7},"end":{"line":114,"column":1}},"locations":[{"start":{"line":105,"column":7},"end":{"line":114,"column":1}}]},"29":{"type":"branch","line":117,"loc":{"start":{"line":117,"column":7},"end":{"line":132,"column":1}},"locations":[{"start":{"line":117,"column":7},"end":{"line":132,"column":1}}]},"30":{"type":"branch","line":120,"loc":{"start":{"line":120,"column":6},"end":{"line":120,"column":35}},"locations":[{"start":{"line":120,"column":6},"end":{"line":120,"column":35}}]},"31":{"type":"branch","line":120,"loc":{"start":{"line":120,"column":35},"end":{"line":122,"column":3}},"locations":[{"start":{"line":120,"column":35},"end":{"line":122,"column":3}}]},"32":{"type":"branch","line":122,"loc":{"start":{"line":122,"column":2},"end":{"line":127,"column":16}},"locations":[{"start":{"line":122,"column":2},"end":{"line":127,"column":16}}]},"33":{"type":"branch","line":127,"loc":{"start":{"line":127,"column":16},"end":{"line":132,"column":1}},"locations":[{"start":{"line":127,"column":16},"end":{"line":132,"column":1}}]},"34":{"type":"branch","line":135,"loc":{"start":{"line":135,"column":7},"end":{"line":143,"column":1}},"locations":[{"start":{"line":135,"column":7},"end":{"line":143,"column":1}}]},"35":{"type":"branch","line":140,"loc":{"start":{"line":140,"column":2},"end":{"line":142,"column":3}},"locations":[{"start":{"line":140,"column":2},"end":{"line":142,"column":3}}]},"36":{"type":"branch","line":146,"loc":{"start":{"line":146,"column":7},"end":{"line":154,"column":1}},"locations":[{"start":{"line":146,"column":7},"end":{"line":154,"column":1}}]},"37":{"type":"branch","line":151,"loc":{"start":{"line":151,"column":2},"end":{"line":153,"column":3}},"locations":[{"start":{"line":151,"column":2},"end":{"line":153,"column":3}}]}},"b":{"0":[13],"1":[3],"2":[12],"3":[4],"4":[11],"5":[9],"6":[10],"7":[9],"8":[2],"9":[2],"10":[1],"11":[0],"12":[1],"13":[6],"14":[5],"15":[5],"16":[4],"17":[1],"18":[3],"19":[1],"20":[0],"21":[0],"22":[5],"23":[3],"24":[3],"25":[2],"26":[1],"27":[1],"28":[4],"29":[3],"30":[1],"31":[1],"32":[2],"33":[1],"34":[1],"35":[0],"36":[1],"37":[0]},"fnMap":{"0":{"name":"isValidUrl","decl":{"start":{"line":4,"column":7},"end":{"line":11,"column":1}},"loc":{"start":{"line":4,"column":7},"end":{"line":11,"column":1}},"line":4},"1":{"name":"isBilibiliUrl","decl":{"start":{"line":14,"column":7},"end":{"line":16,"column":1}},"loc":{"start":{"line":14,"column":7},"end":{"line":16,"column":1}},"line":14},"2":{"name":"extractUrlFromText","decl":{"start":{"line":19,"column":7},"end":{"line":29,"column":1}},"loc":{"start":{"line":19,"column":7},"end":{"line":29,"column":1}},"line":19},"3":{"name":"resolveShortUrl","decl":{"start":{"line":32,"column":0},"end":{"line":51,"column":1}},"loc":{"start":{"line":32,"column":0},"end":{"line":51,"column":1}},"line":32},"4":{"name":"trimBilibiliUrl","decl":{"start":{"line":54,"column":7},"end":{"line":85,"column":1}},"loc":{"start":{"line":54,"column":7},"end":{"line":85,"column":1}},"line":54},"5":{"name":"extractBilibiliVideoId","decl":{"start":{"line":88,"column":7},"end":{"line":102,"column":1}},"loc":{"start":{"line":88,"column":7},"end":{"line":102,"column":1}},"line":88},"6":{"name":"sanitizeFilename","decl":{"start":{"line":105,"column":7},"end":{"line":114,"column":1}},"loc":{"start":{"line":105,"column":7},"end":{"line":114,"column":1}},"line":105},"7":{"name":"extractBilibiliMid","decl":{"start":{"line":117,"column":7},"end":{"line":132,"column":1}},"loc":{"start":{"line":117,"column":7},"end":{"line":132,"column":1}},"line":117},"8":{"name":"extractBilibiliSeasonId","decl":{"start":{"line":135,"column":7},"end":{"line":143,"column":1}},"loc":{"start":{"line":135,"column":7},"end":{"line":143,"column":1}},"line":135},"9":{"name":"extractBilibiliSeriesId","decl":{"start":{"line":146,"column":7},"end":{"line":154,"column":1}},"loc":{"start":{"line":146,"column":7},"end":{"line":154,"column":1}},"line":146}},"f":{"0":13,"1":12,"2":11,"3":2,"4":6,"5":5,"6":4,"7":3,"8":1,"9":1}}
}
